<?xml version="1.0" encoding="UTF-8"?>
<!-- Generated by org.testng.reporters.JUnitReportReporter -->
<testsuite hostname="TR13IT0HI1KA2010" failures="0" tests="1" name="ABC_033_Create_Post_Request_PayLoads_Multiple_Ways.Test4_Post_RequestBody_External_File" time="4.248" errors="0" timestamp="2024-03-22T20:40:43 IST" skipped="0">
  <testcase classname="ABC_033_Create_Post_Request_PayLoads_Multiple_Ways.Test4_Post_RequestBody_External_File" name="Post_RequestBody_Using_HashMap" time="4.248"/>
  <system-out/>
</testsuite> <!-- ABC_033_Create_Post_Request_PayLoads_Multiple_Ways.Test4_Post_RequestBody_External_File -->
