<?xml version="1.0" encoding="UTF-8"?>
<!-- Generated by org.testng.reporters.JUnitReportReporter -->
<testsuite hostname="TR13IT0HI1KA2010" failures="0" tests="2" name="ABC_003_Get_Post_Put_Patch_Delete.Test_001_GetMethod3" time="1.319" errors="0" timestamp="2024-04-30T07:45:42 IST" skipped="0">
  <testcase classname="ABC_003_Get_Post_Put_Patch_Delete.Test_001_GetMethod3" name="Test1" time="0.791"/>
  <system-out/>
  <testcase classname="ABC_003_Get_Post_Put_Patch_Delete.Test_001_GetMethod3" name="Test2" time="0.528"/>
  <system-out/>
</testsuite> <!-- ABC_003_Get_Post_Put_Patch_Delete.Test_001_GetMethod3 -->
