<?xml version="1.0" encoding="UTF-8"?>
<!-- Generated by org.testng.reporters.JUnitReportReporter -->
<testsuite hostname="TR13IT0HI1KA2010" failures="0" tests="1" name="Day005_Getting_Response_Data.A007_Json_config" time="1.178" errors="0" timestamp="2024-04-13T12:44:34 IST" skipped="0">
  <testcase classname="Day005_Getting_Response_Data.A007_Json_config" name="WeatherMessageBody" time="1.178"/>
  <system-out/>
</testsuite> <!-- Day005_Getting_Response_Data.A007_Json_config -->
