<?xml version="1.0" encoding="UTF-8"?>
<!-- Generated by org.testng.reporters.JUnitReportReporter -->
<testsuite skipped="0" hostname="DESKTOP-JDGVO00" name="Mama_Day001.TC01_Add_Skills" tests="1" failures="0" timestamp="2020-12-24T15:16:54 IST" time="17.869" errors="0">
  <testcase name="Skills" time="17.869" classname="Mama_Day001.TC01_Add_Skills"/>
  <system-out/>
</testsuite> <!-- Mama_Day001.TC01_Add_Skills -->
