<?xml version="1.0" encoding="UTF-8"?>
<!-- Generated by org.testng.reporters.JUnitReportReporter -->
<testsuite hostname="TR13IT0HI1KA2010" failures="0" tests="1" name="Pojo_Classes.RestAssured_SerializationExample" time="2.449" errors="0" timestamp="2024-07-22T12:25:42 IST" skipped="0">
  <testcase classname="Pojo_Classes.RestAssured_SerializationExample" name="Test1" time="2.449"/>
  <system-out/>
</testsuite> <!-- Pojo_Classes.RestAssured_SerializationExample -->
