<?xml version="1.0" encoding="UTF-8"?>
<!-- Generated by org.testng.reporters.JUnitReportReporter -->
<testsuite hostname="TR13IT0HI1KA2010" failures="0" tests="1" name="Day016_RootPath.rootpath3_Example" time="1.211" errors="0" timestamp="2024-03-18T04:21:09 IST" skipped="0">
  <testcase classname="Day016_RootPath.rootpath3_Example" name="test1" time="1.211"/>
  <system-out/>
</testsuite> <!-- Day016_RootPath.rootpath3_Example -->
