<?xml version="1.0" encoding="UTF-8"?>
<!-- Generated by org.testng.reporters.JUnitReportReporter -->
<testsuite skipped="0" hostname="DESKTOP-AS6HJCP" name="AADITYA.Test8" tests="2" failures="0" timestamp="2021-03-23T07:17:47 IST" time="0.017" errors="0">
  <testcase name="f2" time="0.000" classname="AADITYA.Test8"/>
  <system-out/>
  <testcase name="f1" time="0.017" classname="AADITYA.Test8"/>
  <system-out/>
</testsuite> <!-- AADITYA.Test8 -->
