<?xml version="1.0" encoding="UTF-8"?>
<!-- Generated by org.testng.reporters.JUnitReportReporter -->
<testsuite hostname="TR13IT0HI1KA2010" failures="0" tests="1" name="ABC_012__Serialization_Desserialization_JavaBean.DeserializationJSonDemo" time="2.142" errors="0" timestamp="2024-03-22T09:09:15 IST" skipped="0">
  <testcase classname="ABC_012__Serialization_Desserialization_JavaBean.DeserializationJSonDemo" name="createUser" time="2.142"/>
  <system-out/>
</testsuite> <!-- ABC_012__Serialization_Desserialization_JavaBean.DeserializationJSonDemo -->
