<?xml version="1.0" encoding="UTF-8"?>
<!-- Generated by org.testng.reporters.JUnitReportReporter -->
<testsuite skipped="0" hostname="DESKTOP-JDGVO00" name="DDD.TC01_Add_jobs_Static_Parameter" tests="1" failures="0" timestamp="2021-01-22T08:17:06 IST" time="20.342" errors="0">
  <testcase name="AddJobs" time="20.342" classname="DDD.TC01_Add_jobs_Static_Parameter"/>
  <system-out/>
</testsuite> <!-- DDD.TC01_Add_jobs_Static_Parameter -->
