<?xml version="1.0" encoding="UTF-8"?>
<!-- Generated by org.testng.reporters.JUnitReportReporter -->
<testsuite hostname="TR13IT0HI1KA2010" failures="0" tests="1" name="ABC_025_DemoJSONIgnore.DemoJSONIgnore" time="0.241" errors="0" timestamp="2024-03-23T06:16:44 IST" skipped="0">
  <testcase classname="ABC_025_DemoJSONIgnore.DemoJSONIgnore" name="testMethod1" time="0.241"/>
  <system-out/>
</testsuite> <!-- ABC_025_DemoJSONIgnore.DemoJSONIgnore -->
