<?xml version="1.0" encoding="UTF-8"?>
<!-- Generated by org.testng.reporters.JUnitReportReporter -->
<testsuite hostname="TR13IT0HI1KA2010" failures="0" tests="1" name="Day016_RootPath.Path_Parameters" time="2.740" errors="0" timestamp="2024-03-18T10:49:54 IST" skipped="0">
  <testcase classname="Day016_RootPath.Path_Parameters" name="test1" time="2.740"/>
  <system-out/>
</testsuite> <!-- Day016_RootPath.Path_Parameters -->
