<?xml version="1.0" encoding="UTF-8"?>
<!-- Generated by org.testng.reporters.JUnitReportReporter -->
<testsuite skipped="0" hostname="DESKTOP-JDGVO00" name="Mama_Day001.TC01_Add_Nationalities" tests="1" failures="0" timestamp="2020-12-24T14:44:12 IST" time="18.025" errors="0">
  <testcase name="Login" time="18.025" classname="Mama_Day001.TC01_Add_Nationalities"/>
  <system-out/>
</testsuite> <!-- Mama_Day001.TC01_Add_Nationalities -->
