<?xml version="1.0" encoding="UTF-8"?>
<!-- Generated by org.testng.reporters.JUnitReportReporter -->
<testsuite skipped="0" hostname="DESKTOP-JDGVO00" name="AAA.LOGIN" tests="1" failures="0" timestamp="2021-01-21T10:38:31 IST" time="21.151" errors="0">
  <testcase name="Login" time="21.151" classname="AAA.LOGIN"/>
  <system-out/>
</testsuite> <!-- AAA.LOGIN -->
