<?xml version="1.0" encoding="UTF-8"?>
<!-- Generated by org.testng.reporters.JUnitReportReporter -->
<testsuite hostname="TR13IT0HI1KA2010" failures="0" tests="2" name="ABC_029_DemoResponseSpec.DemoResponseSpec" time="4.891" errors="0" timestamp="2024-03-22T06:47:04 IST" skipped="0">
  <testcase classname="ABC_029_DemoResponseSpec.DemoResponseSpec" name="getAllBookingIds" time="2.766"/>
  <system-out/>
  <testcase classname="ABC_029_DemoResponseSpec.DemoResponseSpec" name="getBookingByFirstName" time="2.125"/>
  <system-out/>
</testsuite> <!-- ABC_029_DemoResponseSpec.DemoResponseSpec -->
