<?xml version="1.0" encoding="UTF-8"?>
<!-- Generated by org.testng.reporters.JUnitReportReporter -->
<testsuite hostname="TR13IT0HI1KA2010" failures="0" tests="1" name="Day007_Verifying_Response_Data.MeasuringResponseTime2" time="0.958" errors="0" timestamp="2022-08-27T07:31:37 IST" skipped="0">
  <testcase classname="Day007_Verifying_Response_Data.MeasuringResponseTime2" name="WeatherMessageBody" time="0.958"/>
  <system-out/>
</testsuite> <!-- Day007_Verifying_Response_Data.MeasuringResponseTime2 -->
