<?xml version="1.0" encoding="UTF-8"?>
<!-- Generated by org.testng.reporters.JUnitReportReporter -->
<testsuite hostname="TR13IT0HI1KA2010" failures="0" tests="1" name="ABC_034_RestAssured_API_Chaining.Test1_CreateUser" time="2.075" errors="0" timestamp="2024-03-21T21:05:21 IST" skipped="0">
  <testcase classname="ABC_034_RestAssured_API_Chaining.Test1_CreateUser" name="CreateUser" time="2.075"/>
  <system-out/>
</testsuite> <!-- ABC_034_RestAssured_API_Chaining.Test1_CreateUser -->
