<?xml version="1.0" encoding="UTF-8"?>
<!-- Generated by org.testng.reporters.JUnitReportReporter -->
<testsuite hostname="TR13IT0HI1KA2010" failures="0" tests="2" name="ABC_041_RequestSpec_for_MultipleTests.RequestSpecDemo2" time="1.724" errors="0" timestamp="2024-03-26T08:59:08 IST" skipped="0">
  <testcase classname="ABC_041_RequestSpec_for_MultipleTests.RequestSpecDemo2" name="test_without_parameters" time="0.700"/>
  <system-out/>
  <testcase classname="ABC_041_RequestSpec_for_MultipleTests.RequestSpecDemo2" name="test_with_parameters" time="1.024"/>
  <system-out/>
</testsuite> <!-- ABC_041_RequestSpec_for_MultipleTests.RequestSpecDemo2 -->
