<?xml version="1.0" encoding="UTF-8"?>
<!-- Generated by org.testng.reporters.JUnitReportReporter -->
<testsuite hostname="TR13IT0HI1KA2010" failures="0" tests="1" name="Day026_JSON_Array.JSON_Array1" time="1.244" errors="0" timestamp="2024-03-22T10:20:20 IST" skipped="0">
  <testcase classname="Day026_JSON_Array.JSON_Array1" name="JsonPathUsage" time="1.244"/>
  <system-out/>
</testsuite> <!-- Day026_JSON_Array.JSON_Array1 -->
