<?xml version="1.0" encoding="UTF-8"?>
<!-- Generated by org.testng.reporters.JUnitReportReporter -->
<testsuite hostname="TR13IT0HI1KA2010" failures="0" tests="1" name="Venu.JSONPATH" time="33.350" errors="0" timestamp="2022-08-02T15:33:25 IST" skipped="0">
  <testcase classname="Venu.JSONPATH" name="DisplayAllNodesInWeatherAPI" time="33.350"/>
  <system-out/>
</testsuite> <!-- Venu.JSONPATH -->
