<?xml version="1.0" encoding="UTF-8"?>
<!-- Generated by org.testng.reporters.JUnitReportReporter -->
<testsuite hostname="TR13IT0HI1KA2010" failures="0" tests="1" name="ABC_024_Demo_Json_Include.DemoJsonInclude" time="0.223" errors="0" timestamp="2024-03-22T07:54:16 IST" skipped="0">
  <testcase classname="ABC_024_Demo_Json_Include.DemoJsonInclude" name="testMethod1" time="0.223"/>
  <system-out/>
</testsuite> <!-- ABC_024_Demo_Json_Include.DemoJsonInclude -->
