<?xml version="1.0" encoding="UTF-8"?>
<!-- Generated by org.testng.reporters.JUnitReportReporter -->
<testsuite hostname="TR13IT0HI1KA2010" failures="0" tests="1" name="Day006_Specifying_Request_Data.TC002_Cookies" time="1.287" errors="0" timestamp="2024-05-01T16:56:18 IST" skipped="0">
  <testcase classname="Day006_Specifying_Request_Data.TC002_Cookies" name="test01" time="1.287"/>
  <system-out/>
</testsuite> <!-- Day006_Specifying_Request_Data.TC002_Cookies -->
