<?xml version="1.0" encoding="UTF-8"?>
<!-- Generated by org.testng.reporters.JUnitReportReporter -->
<testsuite skipped="0" hostname="DESKTOP-JDGVO00" name="DAY0001.Test1" tests="1" failures="0" timestamp="2021-01-20T09:17:16 IST" time="44.156" errors="0">
  <testcase name="Login" time="44.156" classname="DAY0001.Test1"/>
  <system-out/>
</testsuite> <!-- DAY0001.Test1 -->
