<?xml version="1.0" encoding="UTF-8"?>
<!-- Generated by org.testng.reporters.JUnitReportReporter -->
<testsuite hostname="DESKTOP-AS6HJCP" failures="0" tests="1" name="pages.TC01_Add_Nationalities2" time="5.980" errors="0" timestamp="2021-05-12T05:13:13 IST" skipped="0">
  <testcase classname="pages.TC01_Add_Nationalities2" name="Book_OneWay_Flight" time="5.980"/>
  <system-out/>
</testsuite> <!-- pages.TC01_Add_Nationalities2 -->
