<?xml version="1.0" encoding="UTF-8"?>
<!-- Generated by org.testng.reporters.JUnitReportReporter -->
<testsuite skipped="0" hostname="DESKTOP-JDGVO00" name="Day_002_Java.TC01_Login" tests="1" failures="0" timestamp="2021-01-19T11:14:45 IST" time="13.862" errors="0">
  <testcase name="Login_Test" time="13.862" classname="Day_002_Java.TC01_Login"/>
  <system-out/>
</testsuite> <!-- Day_002_Java.TC01_Login -->
