<?xml version="1.0" encoding="UTF-8"?>
<!-- Generated by org.testng.reporters.JUnitReportReporter -->
<testsuite hostname="TR13IT0HI1KA2010" failures="0" tests="1" name="ABC_003_Get_Post_Put_Patch_Delete.Test_PutMethod" time="1.669" errors="0" timestamp="2024-03-21T16:40:14 IST" skipped="0">
  <testcase classname="ABC_003_Get_Post_Put_Patch_Delete.Test_PutMethod" name="test04" time="1.669"/>
  <system-out/>
</testsuite> <!-- ABC_003_Get_Post_Put_Patch_Delete.Test_PutMethod -->
