<?xml version="1.0" encoding="UTF-8"?>
<!-- Generated by org.testng.reporters.JUnitReportReporter -->
<testsuite hostname="TR13IT0HI1KA2010" failures="0" tests="1" name="Day028_Serialization.RestAssured_SerializationExample" time="2.715" errors="0" timestamp="2024-03-21T10:23:49 IST" skipped="0">
  <testcase classname="Day028_Serialization.RestAssured_SerializationExample" name="Test1" time="2.715"/>
  <system-out/>
</testsuite> <!-- Day028_Serialization.RestAssured_SerializationExample -->
