<?xml version="1.0" encoding="UTF-8"?>
<!-- Generated by org.testng.reporters.JUnitReportReporter -->
<testsuite hostname="TR13IT0HI1KA2010" failures="0" tests="1" name="RestAssured2.DummyApi_All_Employees9" time="2.078" errors="0" timestamp="2022-08-30T03:38:04 IST" skipped="0">
  <testcase classname="RestAssured2.DummyApi_All_Employees9" name="WeatherMessageBody" time="2.078"/>
  <system-out/>
</testsuite> <!-- RestAssured2.DummyApi_All_Employees9 -->
