<?xml version="1.0" encoding="UTF-8"?>
<!-- Generated by org.testng.reporters.JUnitReportReporter -->
<testsuite hostname="TR13IT0HI1KA2010" failures="0" tests="1" name="ABC_034_RestAssured_API_Chaining.Test2_CreateUser" time="1.951" errors="0" timestamp="2024-03-21T20:41:44 IST" skipped="0">
  <testcase classname="ABC_034_RestAssured_API_Chaining.Test2_CreateUser" name="CreateUser" time="1.951"/>
  <system-out/>
</testsuite> <!-- ABC_034_RestAssured_API_Chaining.Test2_CreateUser -->
