<?xml version="1.0" encoding="UTF-8"?>
<!-- Generated by org.testng.reporters.JUnitReportReporter -->
<testsuite hostname="TR13IT0HI1KA2010" failures="0" tests="1" name="Day005_Getting_Response_Data.QueryParameters3" time="1.255" errors="0" timestamp="2022-09-03T04:52:33 IST" skipped="0">
  <testcase classname="Day005_Getting_Response_Data.QueryParameters3" name="filterUser" time="1.255"/>
  <system-out/>
</testsuite> <!-- Day005_Getting_Response_Data.QueryParameters3 -->
