<?xml version="1.0" encoding="UTF-8"?>
<!-- Generated by org.testng.reporters.JUnitReportReporter -->
<testsuite skipped="0" hostname="DESKTOP-JDGVO00" name="Mama_Day001.TC01_Add_Nationalities_Data_Provider2" tests="3" failures="0" timestamp="2020-12-24T14:54:19 IST" time="52.841" errors="0">
  <testcase name="Login" time="16.901" classname="Mama_Day001.TC01_Add_Nationalities_Data_Provider2"/>
  <system-out/>
  <testcase name="Login" time="17.622" classname="Mama_Day001.TC01_Add_Nationalities_Data_Provider2"/>
  <system-out/>
  <testcase name="Login" time="18.318" classname="Mama_Day001.TC01_Add_Nationalities_Data_Provider2"/>
  <system-out/>
</testsuite> <!-- Mama_Day001.TC01_Add_Nationalities_Data_Provider2 -->
