<?xml version="1.0" encoding="UTF-8"?>
<!-- Generated by org.testng.reporters.JUnitReportReporter -->
<testsuite skipped="0" hostname="DESKTOP-AS6HJCP" name="DAY045_CSS_Selectors.TC02_Class" tests="1" failures="0" timestamp="2021-01-26T06:55:08 IST" time="14.011" errors="0">
  <testcase name="Test2" time="14.011" classname="DAY045_CSS_Selectors.TC02_Class"/>
  <system-out/>
</testsuite> <!-- DAY045_CSS_Selectors.TC02_Class -->
