<?xml version="1.0" encoding="UTF-8"?>
<!-- Generated by org.testng.reporters.JUnitReportReporter -->
<testsuite hostname="TR13IT0HI1KA2010" failures="0" tests="1" name="ABC_039_List_MapContains_String_Object.List_MapContains_String_Object6_Vehicles" time="2.147" errors="0" timestamp="2023-12-03T07:11:47 IST" skipped="0">
  <testcase classname="ABC_039_List_MapContains_String_Object.List_MapContains_String_Object6_Vehicles" name="WeatherMessageBody" time="2.147"/>
  <system-out/>
</testsuite> <!-- ABC_039_List_MapContains_String_Object.List_MapContains_String_Object6_Vehicles -->
