<?xml version="1.0" encoding="UTF-8"?>
<!-- Generated by org.testng.reporters.JUnitReportReporter -->
<testsuite hostname="TR13IT0HI1KA2010" failures="0" tests="1" name="ABC_007_Query_Parameters.QueryParameterDemo" time="1.402" errors="0" timestamp="2024-08-19T13:19:04 IST" skipped="0">
  <testcase classname="ABC_007_Query_Parameters.QueryParameterDemo" name="filterData" time="1.402"/>
  <system-out/>
</testsuite> <!-- ABC_007_Query_Parameters.QueryParameterDemo -->
