<?xml version="1.0" encoding="UTF-8"?>
<!-- Generated by org.testng.reporters.JUnitReportReporter -->
<testsuite skipped="0" hostname="DESKTOP-AS6HJCP" name="DAY045_CSS_Selectors.TC03_Attribute" tests="1" failures="0" timestamp="2021-01-26T06:59:18 IST" time="14.149" errors="0">
  <testcase name="Test2" time="14.149" classname="DAY045_CSS_Selectors.TC03_Attribute"/>
  <system-out/>
</testsuite> <!-- DAY045_CSS_Selectors.TC03_Attribute -->
