<?xml version="1.0" encoding="UTF-8"?>
<!-- Generated by org.testng.reporters.JUnitReportReporter -->
<testsuite hostname="TR13IT0HI1KA2010" failures="0" tests="1" name="Day030_Multi_value_Cookies.RetrievingResponseCookies" time="1.707" errors="0" timestamp="2024-04-10T17:28:39 IST" skipped="0">
  <testcase classname="Day030_Multi_value_Cookies.RetrievingResponseCookies" name="getALlHeadersFromResponse" time="1.707"/>
  <system-out/>
</testsuite> <!-- Day030_Multi_value_Cookies.RetrievingResponseCookies -->
