<?xml version="1.0" encoding="UTF-8"?>
<!-- Generated by org.testng.reporters.JUnitReportReporter -->
<testsuite hostname="TR13IT0HI1KA2010" failures="0" tests="1" name="RestAssured5.MapString_MapStringString2" time="1.797" errors="0" timestamp="2024-03-25T21:01:46 IST" skipped="0">
  <testcase classname="RestAssured5.MapString_MapStringString2" name="WeatherMessageBody" time="1.797"/>
  <system-out/>
</testsuite> <!-- RestAssured5.MapString_MapStringString2 -->
