<?xml version="1.0" encoding="UTF-8"?>
<!-- Generated by org.testng.reporters.JUnitReportReporter -->
<testsuite hostname="TR13IT0HI1KA2010" failures="0" tests="1" name="Day005_Getting_Response_Data.SinglePath" time="1.472" errors="0" timestamp="2024-03-19T20:12:03 IST" skipped="0">
  <testcase classname="Day005_Getting_Response_Data.SinglePath" name="WeatherMessageBody" time="1.472"/>
  <system-out/>
</testsuite> <!-- Day005_Getting_Response_Data.SinglePath -->
