<?xml version="1.0" encoding="UTF-8"?>
<!-- Generated by org.testng.reporters.JUnitReportReporter -->
<testsuite skipped="0" hostname="DESKTOP-AS6HJCP" name="Day_35_Execute_Failed_TestCases.MercuryTest" tests="1" failures="0" timestamp="2021-03-18T04:26:00 IST" time="8.842" errors="0">
  <testcase name="Open_Mercury" time="8.842" classname="Day_35_Execute_Failed_TestCases.MercuryTest"/>
  <system-out/>
</testsuite> <!-- Day_35_Execute_Failed_TestCases.MercuryTest -->
