<?xml version="1.0" encoding="UTF-8"?>
<!-- Generated by org.testng.reporters.JUnitReportReporter -->
<testsuite hostname="TR13IT0HI1KA2010" failures="0" tests="1" name="ABC_031_DemoSchemaValidation2.DemoSchemaValidation2" time="0.473" errors="0" timestamp="2024-03-22T06:28:14 IST" skipped="0">
  <testcase classname="ABC_031_DemoSchemaValidation2.DemoSchemaValidation2" name="testMethod" time="0.473"/>
  <system-out/>
</testsuite> <!-- ABC_031_DemoSchemaValidation2.DemoSchemaValidation2 -->
