<?xml version="1.0" encoding="UTF-8"?>
<!-- Generated by org.testng.reporters.JUnitReportReporter -->
<testsuite hostname="TR13IT0HI1KA2010" failures="0" tests="2" name="ABC_042_ResponseSpec_for_MultipleTests.copy.ResponseSpecDemo" time="0.872" errors="0" timestamp="2024-03-25T11:16:46 IST" skipped="0">
  <testcase classname="ABC_042_ResponseSpec_for_MultipleTests.copy.ResponseSpecDemo" name="test_without" time="0.110"/>
  <system-out/>
  <testcase classname="ABC_042_ResponseSpec_for_MultipleTests.copy.ResponseSpecDemo" name="test_with_parameters" time="0.762"/>
  <system-out/>
</testsuite> <!-- ABC_042_ResponseSpec_for_MultipleTests.copy.ResponseSpecDemo -->
