<?xml version="1.0" encoding="UTF-8"?>
<!-- Generated by org.testng.reporters.JUnitReportReporter -->
<testsuite hostname="TR13IT0HI1KA2010" failures="0" tests="1" name="ABC_007_Query_Parameters.QueryParameters1" time="1.371" errors="0" timestamp="2024-03-21T17:12:13 IST" skipped="0">
  <testcase classname="ABC_007_Query_Parameters.QueryParameters1" name="filterUser" time="1.371"/>
  <system-out/>
</testsuite> <!-- ABC_007_Query_Parameters.QueryParameters1 -->
