<?xml version="1.0" encoding="UTF-8"?>
<!-- Generated by org.testng.reporters.JUnitReportReporter -->
<testsuite skipped="0" hostname="DESKTOP-JDGVO00" name="NewTest111" tests="1" failures="0" timestamp="2021-01-20T11:18:13 IST" time="27.217" errors="0">
  <testcase name="Add_Jobs" time="27.217" classname="NewTest111"/>
  <system-out/>
</testsuite> <!-- NewTest111 -->
