<?xml version="1.0" encoding="UTF-8"?>
<!-- Generated by org.testng.reporters.JUnitReportReporter -->
<testsuite hostname="TR13IT0HI1KA2010" failures="0" tests="1" name="Day030_Multi_value_Cookies.TC01_CookiesExample" time="1.789" errors="0" timestamp="2024-04-13T12:51:40 IST" skipped="0">
  <testcase classname="Day030_Multi_value_Cookies.TC01_CookiesExample" name="Test1" time="1.789"/>
  <system-out/>
</testsuite> <!-- Day030_Multi_value_Cookies.TC01_CookiesExample -->
