<?xml version="1.0" encoding="UTF-8"?>
<!-- Generated by org.testng.reporters.JUnitReportReporter -->
<testsuite hostname="TR13IT0HI1KA2010" failures="0" tests="2" name="ABC_018_FileUpload.FileUploadDemo" time="4.436" errors="0" timestamp="2024-03-22T05:56:09 IST" skipped="1">
  <testcase classname="ABC_018_FileUpload.FileUploadDemo" name="uploadImage" time="4.436"/>
  <system-out/>
  <testcase classname="ABC_018_FileUpload.FileUploadDemo" name="uploadFile">
    <skipped/>
  </testcase> <!-- uploadFile -->
  <system-out/>
</testsuite> <!-- ABC_018_FileUpload.FileUploadDemo -->
