<?xml version="1.0" encoding="UTF-8"?>
<!-- Generated by org.testng.reporters.JUnitReportReporter -->
<testsuite hostname="TR13IT0HI1KA2010" failures="0" tests="1" name="Day005_Multi_value_Cookies.Detailed_Cookies_Information" time="3.010" errors="0" timestamp="2024-04-13T13:00:46 IST" skipped="0">
  <testcase classname="Day005_Multi_value_Cookies.Detailed_Cookies_Information" name="getAllCookies_Information_FromResponse" time="3.010"/>
  <system-out/>
</testsuite> <!-- Day005_Multi_value_Cookies.Detailed_Cookies_Information -->
