<?xml version="1.0" encoding="UTF-8"?>
<!-- Generated by org.testng.reporters.JUnitReportReporter -->
<testsuite skipped="0" hostname="DESKTOP-AS6HJCP" name="Day_002_Java.TC06_WebElement_isDisplayed" tests="1" failures="0" timestamp="2021-03-02T20:17:08 IST" time="4.766" errors="0">
  <testcase name="login_test" time="4.766" classname="Day_002_Java.TC06_WebElement_isDisplayed"/>
  <system-out/>
</testsuite> <!-- Day_002_Java.TC06_WebElement_isDisplayed -->
