<?xml version="1.0" encoding="UTF-8"?>
<!-- Generated by org.testng.reporters.JUnitReportReporter -->
<testsuite hostname="TR13IT0HI1KA2010" failures="0" tests="1" name="Day005_Getting_Response_Data.QueryParameters4" time="1.365" errors="0" timestamp="2022-08-06T07:57:54 IST" skipped="0">
  <testcase classname="Day005_Getting_Response_Data.QueryParameters4" name="filterUser" time="1.365"/>
  <system-out/>
</testsuite> <!-- Day005_Getting_Response_Data.QueryParameters4 -->
