<?xml version="1.0" encoding="UTF-8"?>
<!-- Generated by org.testng.reporters.JUnitReportReporter -->
<testsuite skipped="0" hostname="DESKTOP-AS6HJCP" name="SingleTon1.SingletonDemo" tests="2" failures="0" timestamp="2021-03-16T06:43:03 IST" time="9.890" errors="0">
  <testcase name="login_test2" time="1.387" classname="SingleTon1.SingletonDemo"/>
  <system-out/>
  <testcase name="login_test" time="8.503" classname="SingleTon1.SingletonDemo"/>
  <system-out/>
</testsuite> <!-- SingleTon1.SingletonDemo -->
