<?xml version="1.0" encoding="UTF-8"?>
<!-- Generated by org.testng.reporters.JUnitReportReporter -->
<testsuite hostname="TR13IT0HI1KA2010" failures="0" tests="1" name="Serialization.Create_JSON_from_a_HashMap" time="1.760" errors="0" timestamp="2024-04-28T06:49:08 IST" skipped="0">
  <testcase classname="Serialization.Create_JSON_from_a_HashMap" name="test5" time="1.760"/>
  <system-out/>
</testsuite> <!-- Serialization.Create_JSON_from_a_HashMap -->
