<?xml version="1.0" encoding="UTF-8"?>
<!-- Generated by org.testng.reporters.JUnitReportReporter -->
<testsuite hostname="DESKTOP-AS6HJCP" failures="0" tests="1" name="RestAssured3.JSONPATH2" time="3.871" errors="0" timestamp="2021-04-20T04:14:02 IST" skipped="0">
  <testcase classname="RestAssured3.JSONPATH2" name="DisplayAllNodesInWeatherAPI" time="3.871"/>
  <system-out/>
</testsuite> <!-- RestAssured3.JSONPATH2 -->
