<?xml version="1.0" encoding="UTF-8"?>
<!-- Generated by org.testng.reporters.JUnitReportReporter -->
<testsuite skipped="0" hostname="DESKTOP-JDGVO00" name="Day_013_TestNG_Paraneters1.BrowserTesting_DataProvider3" tests="3" failures="0" timestamp="2021-01-16T09:42:37 IST" time="28.471" errors="0">
  <testcase name="Test3" time="6.050" classname="Day_013_TestNG_Paraneters1.BrowserTesting_DataProvider3"/>
  <system-out>
<table> <tr >  <img   style="border:1px solid black;"      src="C:\HTML Report\HtmlTemplates\Logo.JPEG"></tr><tr   ><center><font color="red"  size="15" >TC01_Nationality_Iterration_2</font></center></tr><tr bgcolor="#9370DB"> <th width="100px"> <center><font color="white"  size="4" >Steps</font></center><font color="white"  size="4" ></font></center> </th> <th width="450px" ><center><font color="white"  size="4" >Details </font> </center></th> <th width="100px" ><center><font color="white"  size="4" >Status</font></center></th>  <th  width="250px"  ><center><font color="white"  size="4" >Screen Shots</font></center></th> <th width="250px"  ><center><font color="white"  size="4" >Date & Time</font></center></th> 	 </tr>         <tr bgcolor="#eee"> <th width="100px"> <center>Step&nbsp;1</center> </th> <th width="450px" ><center><b><font color='black'>   Clicked on Admin </b> </font></center></th> <th width="100px" ><center><img src='file:///C:\HTML Report\HtmlTemplates\passed.ico'    +     "width="30" + height="30"></img></center></th>  <th  width="250px"  ><center><a href=C:/HTML Report/test-output/TempScreenShots/TC01_Nationality_Iterration_2_2021_Jan_16_9_42_24_693_AM/16_Jan_2021 9_42_24_752 AM.png target="popup" onclick="window.open('C:/HTML Report/test-output/TempScreenShots/TC01_Nationality_Iterration_2_2021_Jan_16_9_42_24_693_AM/16_Jan_2021 9_42_24_752 AM.png','popup','width=600,height=600'); return false;"> ScreenShot</a> </center></th> <th width="250px"  ><center>2021_Jan_16_9_42_25_104_AM</center></th> 	 </tr>        <tr bgcolor="#ddd"> <th width="100px"> <center>Step&nbsp;2</center> </th> <th width="450px" ><center><b><font color='black'>   Clicked on Nationality </b> </font></center></th> <th width="100px" ><center><img src='file:///C:\HTML Report\HtmlTemplates\passed.ico'    +     "width="30" + height="30"></img></center></th>  <th  width="250px"  ><center><a href=C:/HTML Report/test-output/TempScreenShots/TC01_Nationality_Iterration_2_2021_Jan_16_9_42_24_693_AM/16_Jan_2021 9_42_26_202 AM.png target="popup" onclick="window.open('C:/HTML Report/test-output/TempScreenShots/TC01_Nationality_Iterration_2_2021_Jan_16_9_42_24_693_AM/16_Jan_2021 9_42_26_202 AM.png','popup','width=600,height=600'); return false;"> ScreenShot</a> </center></th> <th width="250px"  ><center>2021_Jan_16_9_42_26_579_AM</center></th> 	 </tr>        <tr bgcolor="#eee"> <th width="100px"> <center>Step&nbsp;3</center> </th> <th width="450px" ><center><b><font color='black'>   Clicked on Nationality Add </b> </font></center></th> <th width="100px" ><center><img src='file:///C:\HTML Report\HtmlTemplates\passed.ico'    +     "width="30" + height="30"></img></center></th>  <th  width="250px"  ><center><a href=C:/HTML Report/test-output/TempScreenShots/TC01_Nationality_Iterration_2_2021_Jan_16_9_42_24_693_AM/16_Jan_2021 9_42_27_634 AM.png target="popup" onclick="window.open('C:/HTML Report/test-output/TempScreenShots/TC01_Nationality_Iterration_2_2021_Jan_16_9_42_24_693_AM/16_Jan_2021 9_42_27_634 AM.png','popup','width=600,height=600'); return false;"> ScreenShot</a> </center></th> <th width="250px"  ><center>2021_Jan_16_9_42_27_968_AM</center></th> 	 </tr>        <tr bgcolor="#ddd"> <th width="100px"> <center>Step&nbsp;4</center> </th> <th width="450px" ><center><b><font color='black'>   Entered Nationality Text</b> </font></center></th> <th width="100px" ><center><img src='file:///C:\HTML Report\HtmlTemplates\passed.ico'    +     "width="30" + height="30"></img></center></th>  <th  width="250px"  ><center><a href=C:/HTML Report/test-output/TempScreenShots/TC01_Nationality_Iterration_2_2021_Jan_16_9_42_24_693_AM/16_Jan_2021 9_42_28_071 AM.png target="popup" onclick="window.open('C:/HTML Report/test-output/TempScreenShots/TC01_Nationality_Iterration_2_2021_Jan_16_9_42_24_693_AM/16_Jan_2021 9_42_28_071 AM.png','popup','width=600,height=600'); return false;"> ScreenShot</a> </center></th> <th width="250px"  ><center>2021_Jan_16_9_42_28_418_AM</center></th> 	 </tr>        <tr bgcolor="#eee"> <th width="100px"> <center>Step&nbsp;5</center> </th> <th width="450px" ><center><b><font color='black'>   Clicked on Nationality Save</b> </font></center></th> <th width="100px" ><center><img src='file:///C:\HTML Report\HtmlTemplates\passed.ico'    +     "width="30" + height="30"></img></center></th>  <th  width="250px"  ><center><a href=C:/HTML Report/test-output/TempScreenShots/TC01_Nationality_Iterration_2_2021_Jan_16_9_42_24_693_AM/16_Jan_2021 9_42_29_761 AM.png target="popup" onclick="window.open('C:/HTML Report/test-output/TempScreenShots/TC01_Nationality_Iterration_2_2021_Jan_16_9_42_24_693_AM/16_Jan_2021 9_42_29_761 AM.png','popup','width=600,height=600'); return false;"> ScreenShot</a> </center></th> <th width="250px"  ><center>2021_Jan_16_9_42_30_239_AM</center></th> 	 </tr>        <tr bgcolor="#ddd"> <th width="100px"> <center>Step&nbsp;6</center> </th> <th width="450px" ><center><b><font color='black'>   Scroll Nationality </b> </font></center></th> <th width="100px" ><center><img src='file:///C:\HTML Report\HtmlTemplates\passed.ico'    +     "width="30" + height="30"></img></center></th>  <th  width="250px"  ><center><a href=C:/HTML Report/test-output/TempScreenShots/TC01_Nationality_Iterration_2_2021_Jan_16_9_42_24_693_AM/16_Jan_2021 9_42_30_368 AM.png target="popup" onclick="window.open('C:/HTML Report/test-output/TempScreenShots/TC01_Nationality_Iterration_2_2021_Jan_16_9_42_24_693_AM/16_Jan_2021 9_42_30_368 AM.png','popup','width=600,height=600'); return false;"> ScreenShot</a> </center></th> <th width="250px"  ><center>2021_Jan_16_9_42_30_741_AM</center></th> 	 </tr>        </system-out>
  <testcase name="Test3" time="6.114" classname="Day_013_TestNG_Paraneters1.BrowserTesting_DataProvider3"/>
  <system-out>
<table> <tr >  <img   style="border:1px solid black;"      src="C:\HTML Report\HtmlTemplates\Logo.JPEG"></tr><tr   ><center><font color="red"  size="15" >TC01_Nationality_Iterration_3</font></center></tr><tr bgcolor="#9370DB"> <th width="100px"> <center><font color="white"  size="4" >Steps</font></center><font color="white"  size="4" ></font></center> </th> <th width="450px" ><center><font color="white"  size="4" >Details </font> </center></th> <th width="100px" ><center><font color="white"  size="4" >Status</font></center></th>  <th  width="250px"  ><center><font color="white"  size="4" >Screen Shots</font></center></th> <th width="250px"  ><center><font color="white"  size="4" >Date & Time</font></center></th> 	 </tr>         <tr bgcolor="#eee"> <th width="100px"> <center>Step&nbsp;1</center> </th> <th width="450px" ><center><b><font color='black'>   Clicked on Admin </b> </font></center></th> <th width="100px" ><center><img src='file:///C:\HTML Report\HtmlTemplates\passed.ico'    +     "width="30" + height="30"></img></center></th>  <th  width="250px"  ><center><a href=C:/HTML Report/test-output/TempScreenShots/TC01_Nationality_Iterration_3_2021_Jan_16_9_42_30_745_AM/16_Jan_2021 9_42_30_804 AM.png target="popup" onclick="window.open('C:/HTML Report/test-output/TempScreenShots/TC01_Nationality_Iterration_3_2021_Jan_16_9_42_30_745_AM/16_Jan_2021 9_42_30_804 AM.png','popup','width=600,height=600'); return false;"> ScreenShot</a> </center></th> <th width="250px"  ><center>2021_Jan_16_9_42_31_164_AM</center></th> 	 </tr>        <tr bgcolor="#ddd"> <th width="100px"> <center>Step&nbsp;2</center> </th> <th width="450px" ><center><b><font color='black'>   Clicked on Nationality </b> </font></center></th> <th width="100px" ><center><img src='file:///C:\HTML Report\HtmlTemplates\passed.ico'    +     "width="30" + height="30"></img></center></th>  <th  width="250px"  ><center><a href=C:/HTML Report/test-output/TempScreenShots/TC01_Nationality_Iterration_3_2021_Jan_16_9_42_30_745_AM/16_Jan_2021 9_42_32_253 AM.png target="popup" onclick="window.open('C:/HTML Report/test-output/TempScreenShots/TC01_Nationality_Iterration_3_2021_Jan_16_9_42_30_745_AM/16_Jan_2021 9_42_32_253 AM.png','popup','width=600,height=600'); return false;"> ScreenShot</a> </center></th> <th width="250px"  ><center>2021_Jan_16_9_42_32_738_AM</center></th> 	 </tr>        <tr bgcolor="#eee"> <th width="100px"> <center>Step&nbsp;3</center> </th> <th width="450px" ><center><b><font color='black'>   Clicked on Nationality Add </b> </font></center></th> <th width="100px" ><center><img src='file:///C:\HTML Report\HtmlTemplates\passed.ico'    +     "width="30" + height="30"></img></center></th>  <th  width="250px"  ><center><a href=C:/HTML Report/test-output/TempScreenShots/TC01_Nationality_Iterration_3_2021_Jan_16_9_42_30_745_AM/16_Jan_2021 9_42_33_873 AM.png target="popup" onclick="window.open('C:/HTML Report/test-output/TempScreenShots/TC01_Nationality_Iterration_3_2021_Jan_16_9_42_30_745_AM/16_Jan_2021 9_42_33_873 AM.png','popup','width=600,height=600'); return false;"> ScreenShot</a> </center></th> <th width="250px"  ><center>2021_Jan_16_9_42_34_230_AM</center></th> 	 </tr>        <tr bgcolor="#ddd"> <th width="100px"> <center>Step&nbsp;4</center> </th> <th width="450px" ><center><b><font color='black'>   Entered Nationality Text</b> </font></center></th> <th width="100px" ><center><img src='file:///C:\HTML Report\HtmlTemplates\passed.ico'    +     "width="30" + height="30"></img></center></th>  <th  width="250px"  ><center><a href=C:/HTML Report/test-output/TempScreenShots/TC01_Nationality_Iterration_3_2021_Jan_16_9_42_30_745_AM/16_Jan_2021 9_42_34_353 AM.png target="popup" onclick="window.open('C:/HTML Report/test-output/TempScreenShots/TC01_Nationality_Iterration_3_2021_Jan_16_9_42_30_745_AM/16_Jan_2021 9_42_34_353 AM.png','popup','width=600,height=600'); return false;"> ScreenShot</a> </center></th> <th width="250px"  ><center>2021_Jan_16_9_42_34_705_AM</center></th> 	 </tr>        <tr bgcolor="#eee"> <th width="100px"> <center>Step&nbsp;5</center> </th> <th width="450px" ><center><b><font color='black'>   Clicked on Nationality Save</b> </font></center></th> <th width="100px" ><center><img src='file:///C:\HTML Report\HtmlTemplates\passed.ico'    +     "width="30" + height="30"></img></center></th>  <th  width="250px"  ><center><a href=C:/HTML Report/test-output/TempScreenShots/TC01_Nationality_Iterration_3_2021_Jan_16_9_42_30_745_AM/16_Jan_2021 9_42_35_998 AM.png target="popup" onclick="window.open('C:/HTML Report/test-output/TempScreenShots/TC01_Nationality_Iterration_3_2021_Jan_16_9_42_30_745_AM/16_Jan_2021 9_42_35_998 AM.png','popup','width=600,height=600'); return false;"> ScreenShot</a> </center></th> <th width="250px"  ><center>2021_Jan_16_9_42_36_356_AM</center></th> 	 </tr>        <tr bgcolor="#ddd"> <th width="100px"> <center>Step&nbsp;6</center> </th> <th width="450px" ><center><b><font color='black'>   Scroll Nationality </b> </font></center></th> <th width="100px" ><center><img src='file:///C:\HTML Report\HtmlTemplates\passed.ico'    +     "width="30" + height="30"></img></center></th>  <th  width="250px"  ><center><a href=C:/HTML Report/test-output/TempScreenShots/TC01_Nationality_Iterration_3_2021_Jan_16_9_42_30_745_AM/16_Jan_2021 9_42_36_478 AM.png target="popup" onclick="window.open('C:/HTML Report/test-output/TempScreenShots/TC01_Nationality_Iterration_3_2021_Jan_16_9_42_30_745_AM/16_Jan_2021 9_42_36_478 AM.png','popup','width=600,height=600'); return false;"> ScreenShot</a> </center></th> <th width="250px"  ><center>2021_Jan_16_9_42_36_857_AM</center></th> 	 </tr>        </system-out>
  <testcase name="Test3" time="16.307" classname="Day_013_TestNG_Paraneters1.BrowserTesting_DataProvider3"/>
  <system-out>
<table> <tr >  <img   style="border:1px solid black;"      src="C:\HTML Report\HtmlTemplates\Logo.JPEG"></tr><tr   ><center><font color="red"  size="15" >TC01_Nationality_Iterration_1</font></center></tr><tr bgcolor="#9370DB"> <th width="100px"> <center><font color="white"  size="4" >Steps</font></center><font color="white"  size="4" ></font></center> </th> <th width="450px" ><center><font color="white"  size="4" >Details </font> </center></th> <th width="100px" ><center><font color="white"  size="4" >Status</font></center></th>  <th  width="250px"  ><center><font color="white"  size="4" >Screen Shots</font></center></th> <th width="250px"  ><center><font color="white"  size="4" >Date & Time</font></center></th> 	 </tr>         <tr bgcolor="#eee"> <th width="100px"> <center>Step&nbsp;1</center> </th> <th width="450px" ><center><b><font color='black'>   Open chrome Browser and URL </b> </font></center></th> <th width="100px" ><center><img src='file:///C:\HTML Report\HtmlTemplates\passed.ico'    +     "width="30" + height="30"></img></center></th>  <th  width="250px"  ><center><a href=C:/HTML Report/test-output/TempScreenShots/TC01_Nationality_Iterration_1_2021_Jan_16_9_42_08_387_AM/16_Jan_2021 9_42_11_924 AM.png target="popup" onclick="window.open('C:/HTML Report/test-output/TempScreenShots/TC01_Nationality_Iterration_1_2021_Jan_16_9_42_08_387_AM/16_Jan_2021 9_42_11_924 AM.png','popup','width=600,height=600'); return false;"> ScreenShot</a> </center></th> <th width="250px"  ><center>2021_Jan_16_9_42_12_427_AM</center></th> 	 </tr>        <tr bgcolor="#ddd"> <th width="100px"> <center>Step&nbsp;2</center> </th> <th width="450px" ><center><b><font color='black'>   UserName Entered</b> </font></center></th> <th width="100px" ><center><img src='file:///C:\HTML Report\HtmlTemplates\passed.ico'    +     "width="30" + height="30"></img></center></th>  <th  width="250px"  ><center><a href=C:/HTML Report/test-output/TempScreenShots/TC01_Nationality_Iterration_1_2021_Jan_16_9_42_08_387_AM/16_Jan_2021 9_42_12_550 AM.png target="popup" onclick="window.open('C:/HTML Report/test-output/TempScreenShots/TC01_Nationality_Iterration_1_2021_Jan_16_9_42_08_387_AM/16_Jan_2021 9_42_12_550 AM.png','popup','width=600,height=600'); return false;"> ScreenShot</a> </center></th> <th width="250px"  ><center>2021_Jan_16_9_42_12_881_AM</center></th> 	 </tr>        <tr bgcolor="#eee"> <th width="100px"> <center>Step&nbsp;3</center> </th> <th width="450px" ><center><b><font color='black'>   Password Entered</b> </font></center></th> <th width="100px" ><center><img src='file:///C:\HTML Report\HtmlTemplates\passed.ico'    +     "width="30" + height="30"></img></center></th>  <th  width="250px"  ><center><a href=C:/HTML Report/test-output/TempScreenShots/TC01_Nationality_Iterration_1_2021_Jan_16_9_42_08_387_AM/16_Jan_2021 9_42_12_994 AM.png target="popup" onclick="window.open('C:/HTML Report/test-output/TempScreenShots/TC01_Nationality_Iterration_1_2021_Jan_16_9_42_08_387_AM/16_Jan_2021 9_42_12_994 AM.png','popup','width=600,height=600'); return false;"> ScreenShot</a> </center></th> <th width="250px"  ><center>2021_Jan_16_9_42_13_313_AM</center></th> 	 </tr>        <tr bgcolor="#ddd"> <th width="100px"> <center>Step&nbsp;4</center> </th> <th width="450px" ><center><b><font color='black'>   Sign In  Clicked</b> </font></center></th> <th width="100px" ><center><img src='file:///C:\HTML Report\HtmlTemplates\passed.ico'    +     "width="30" + height="30"></img></center></th>  <th  width="250px"  ><center><a href=C:/HTML Report/test-output/TempScreenShots/TC01_Nationality_Iterration_1_2021_Jan_16_9_42_08_387_AM/16_Jan_2021 9_42_17_408 AM.png target="popup" onclick="window.open('C:/HTML Report/test-output/TempScreenShots/TC01_Nationality_Iterration_1_2021_Jan_16_9_42_08_387_AM/16_Jan_2021 9_42_17_408 AM.png','popup','width=600,height=600'); return false;"> ScreenShot</a> </center></th> <th width="250px"  ><center>2021_Jan_16_9_42_17_785_AM</center></th> 	 </tr>        <tr bgcolor="#eee"> <th width="100px"> <center>Step&nbsp;5</center> </th> <th width="450px" ><center><b><font color='black'>   Clicked on Admin </b> </font></center></th> <th width="100px" ><center><img src='file:///C:\HTML Report\HtmlTemplates\passed.ico'    +     "width="30" + height="30"></img></center></th>  <th  width="250px"  ><center><a href=C:/HTML Report/test-output/TempScreenShots/TC01_Nationality_Iterration_1_2021_Jan_16_9_42_08_387_AM/16_Jan_2021 9_42_17_847 AM.png target="popup" onclick="window.open('C:/HTML Report/test-output/TempScreenShots/TC01_Nationality_Iterration_1_2021_Jan_16_9_42_08_387_AM/16_Jan_2021 9_42_17_847 AM.png','popup','width=600,height=600'); return false;"> ScreenShot</a> </center></th> <th width="250px"  ><center>2021_Jan_16_9_42_18_213_AM</center></th> 	 </tr>        <tr bgcolor="#ddd"> <th width="100px"> <center>Step&nbsp;6</center> </th> <th width="450px" ><center><b><font color='black'>   Clicked on Nationality </b> </font></center></th> <th width="100px" ><center><img src='file:///C:\HTML Report\HtmlTemplates\passed.ico'    +     "width="30" + height="30"></img></center></th>  <th  width="250px"  ><center><a href=C:/HTML Report/test-output/TempScreenShots/TC01_Nationality_Iterration_1_2021_Jan_16_9_42_08_387_AM/16_Jan_2021 9_42_19_899 AM.png target="popup" onclick="window.open('C:/HTML Report/test-output/TempScreenShots/TC01_Nationality_Iterration_1_2021_Jan_16_9_42_08_387_AM/16_Jan_2021 9_42_19_899 AM.png','popup','width=600,height=600'); return false;"> ScreenShot</a> </center></th> <th width="250px"  ><center>2021_Jan_16_9_42_20_251_AM</center></th> 	 </tr>        <tr bgcolor="#eee"> <th width="100px"> <center>Step&nbsp;7</center> </th> <th width="450px" ><center><b><font color='black'>   Clicked on Nationality Add </b> </font></center></th> <th width="100px" ><center><img src='file:///C:\HTML Report\HtmlTemplates\passed.ico'    +     "width="30" + height="30"></img></center></th>  <th  width="250px"  ><center><a href=C:/HTML Report/test-output/TempScreenShots/TC01_Nationality_Iterration_1_2021_Jan_16_9_42_08_387_AM/16_Jan_2021 9_42_21_656 AM.png target="popup" onclick="window.open('C:/HTML Report/test-output/TempScreenShots/TC01_Nationality_Iterration_1_2021_Jan_16_9_42_08_387_AM/16_Jan_2021 9_42_21_656 AM.png','popup','width=600,height=600'); return false;"> ScreenShot</a> </center></th> <th width="250px"  ><center>2021_Jan_16_9_42_22_019_AM</center></th> 	 </tr>        <tr bgcolor="#ddd"> <th width="100px"> <center>Step&nbsp;8</center> </th> <th width="450px" ><center><b><font color='black'>   Entered Nationality Text</b> </font></center></th> <th width="100px" ><center><img src='file:///C:\HTML Report\HtmlTemplates\passed.ico'    +     "width="30" + height="30"></img></center></th>  <th  width="250px"  ><center><a href=C:/HTML Report/test-output/TempScreenShots/TC01_Nationality_Iterration_1_2021_Jan_16_9_42_08_387_AM/16_Jan_2021 9_42_22_167 AM.png target="popup" onclick="window.open('C:/HTML Report/test-output/TempScreenShots/TC01_Nationality_Iterration_1_2021_Jan_16_9_42_08_387_AM/16_Jan_2021 9_42_22_167 AM.png','popup','width=600,height=600'); return false;"> ScreenShot</a> </center></th> <th width="250px"  ><center>2021_Jan_16_9_42_22_523_AM</center></th> 	 </tr>        <tr bgcolor="#eee"> <th width="100px"> <center>Step&nbsp;9</center> </th> <th width="450px" ><center><b><font color='black'>   Clicked on Nationality Save</b> </font></center></th> <th width="100px" ><center><img src='file:///C:\HTML Report\HtmlTemplates\passed.ico'    +     "width="30" + height="30"></img></center></th>  <th  width="250px"  ><center><a href=C:/HTML Report/test-output/TempScreenShots/TC01_Nationality_Iterration_1_2021_Jan_16_9_42_08_387_AM/16_Jan_2021 9_42_23_892 AM.png target="popup" onclick="window.open('C:/HTML Report/test-output/TempScreenShots/TC01_Nationality_Iterration_1_2021_Jan_16_9_42_08_387_AM/16_Jan_2021 9_42_23_892 AM.png','popup','width=600,height=600'); return false;"> ScreenShot</a> </center></th> <th width="250px"  ><center>2021_Jan_16_9_42_24_221_AM</center></th> 	 </tr>        <tr bgcolor="#ddd"> <th width="100px"> <center>Step&nbsp;10</center> </th> <th width="450px" ><center><b><font color='black'>   Scroll Nationality </b> </font></center></th> <th width="100px" ><center><img src='file:///C:\HTML Report\HtmlTemplates\passed.ico'    +     "width="30" + height="30"></img></center></th>  <th  width="250px"  ><center><a href=C:/HTML Report/test-output/TempScreenShots/TC01_Nationality_Iterration_1_2021_Jan_16_9_42_08_387_AM/16_Jan_2021 9_42_24_348 AM.png target="popup" onclick="window.open('C:/HTML Report/test-output/TempScreenShots/TC01_Nationality_Iterration_1_2021_Jan_16_9_42_08_387_AM/16_Jan_2021 9_42_24_348 AM.png','popup','width=600,height=600'); return false;"> ScreenShot</a> </center></th> <th width="250px"  ><center>2021_Jan_16_9_42_24_688_AM</center></th> 	 </tr>        </system-out>
</testsuite> <!-- Day_013_TestNG_Paraneters1.BrowserTesting_DataProvider3 -->
