<?xml version="1.0" encoding="UTF-8"?>
<!-- Generated by org.testng.reporters.JUnitReportReporter -->
<testsuite hostname="TR13IT0HI1KA2010" failures="0" tests="2" name="Day007_Verifying_Response_Data.TC004_Headers_Length" time="4.825" errors="0" timestamp="2024-05-01T21:40:48 IST" skipped="0">
  <testcase classname="Day007_Verifying_Response_Data.TC004_Headers_Length" name="Test23" time="2.595"/>
  <system-out/>
  <testcase classname="Day007_Verifying_Response_Data.TC004_Headers_Length" name="test01" time="2.230"/>
  <system-out/>
</testsuite> <!-- Day007_Verifying_Response_Data.TC004_Headers_Length -->
