<?xml version="1.0" encoding="UTF-8"?>
<!-- Generated by org.testng.reporters.JUnitReportReporter -->
<testsuite hostname="TR13IT0HI1KA2010" failures="0" tests="1" name="ReqRes_In.PostRequest2" time="1.644" errors="0" timestamp="2022-09-02T05:57:34 IST" skipped="0">
  <testcase classname="ReqRes_In.PostRequest2" name="RegistrationSuccessful1" time="1.644"/>
  <system-out/>
</testsuite> <!-- ReqRes_In.PostRequest2 -->
