<?xml version="1.0" encoding="UTF-8"?>
<!-- Generated by org.testng.reporters.JUnitReportReporter -->
<testsuite skipped="0" hostname="DESKTOP-AS6HJCP" name="Day_003_Locators.TC08_tagName" tests="1" failures="0" timestamp="2021-02-16T03:30:51 IST" time="15.661" errors="0">
  <testcase name="Test2" time="15.661" classname="Day_003_Locators.TC08_tagName"/>
  <system-out/>
</testsuite> <!-- Day_003_Locators.TC08_tagName -->
