<?xml version="1.0" encoding="UTF-8"?>
<!-- Generated by org.testng.reporters.JUnitReportReporter -->
<testsuite hostname="TR13IT0HI1KA2010" failures="0" tests="1" name="ABC_026_JSON_To_ClassObject_ObjectMapper_Deserialization.DemoIgnoreProperties2" time="0.227" errors="0" timestamp="2024-03-23T06:10:28 IST" skipped="0">
  <testcase classname="ABC_026_JSON_To_ClassObject_ObjectMapper_Deserialization.DemoIgnoreProperties2" name="test1" time="0.227"/>
  <system-out/>
</testsuite> <!-- ABC_026_JSON_To_ClassObject_ObjectMapper_Deserialization.DemoIgnoreProperties2 -->
