<?xml version="1.0" encoding="UTF-8"?>
<!-- Generated by org.testng.reporters.JUnitReportReporter -->
<testsuite hostname="TR13IT0HI1KA2010" failures="0" tests="1" name="Day005_Getting_Response_Data.Lotto3" time="1.347" errors="0" timestamp="2024-03-27T17:07:49 IST" skipped="0">
  <testcase classname="Day005_Getting_Response_Data.Lotto3" name="WeatherMessageBody" time="1.347"/>
  <system-out/>
</testsuite> <!-- Day005_Getting_Response_Data.Lotto3 -->
