<?xml version="1.0" encoding="UTF-8"?>
<!-- Generated by org.testng.reporters.JUnitReportReporter -->
<testsuite skipped="0" hostname="DESKTOP-AS6HJCP" name="Core_Java_New_Programs.Test1_Vamsi" tests="1" failures="0" timestamp="2021-02-28T10:58:35 IST" time="2924.824" errors="0">
  <testcase name="test1Naukri" time="2924.824" classname="Core_Java_New_Programs.Test1_Vamsi"/>
  <system-out/>
</testsuite> <!-- Core_Java_New_Programs.Test1_Vamsi -->
