<?xml version="1.0" encoding="UTF-8"?>
<!-- Generated by org.testng.reporters.JUnitReportReporter -->
<testsuite hostname="TR13IT0HI1KA2010" failures="0" tests="2" name="ABC_042_ResponseSpec_for_MultipleTests.copy.ResponseSpecDemo2" time="1.150" errors="0" timestamp="2024-03-26T09:01:50 IST" skipped="0">
  <testcase classname="ABC_042_ResponseSpec_for_MultipleTests.copy.ResponseSpecDemo2" name="test_with_parameters" time="0.967"/>
  <system-out/>
  <testcase classname="ABC_042_ResponseSpec_for_MultipleTests.copy.ResponseSpecDemo2" name="test_without" time="0.183"/>
  <system-out/>
</testsuite> <!-- ABC_042_ResponseSpec_for_MultipleTests.copy.ResponseSpecDemo2 -->
