<?xml version="1.0" encoding="UTF-8"?>
<!-- Generated by org.testng.reporters.JUnitReportReporter -->
<testsuite hostname="TR13IT0HI1KA2010" failures="0" tests="1" name="Day025_More_Info.T001_getList" time="1.276" errors="0" timestamp="2023-10-20T04:37:41 IST" skipped="0">
  <testcase classname="Day025_More_Info.T001_getList" name="JsonPathUsage" time="1.276"/>
  <system-out/>
</testsuite> <!-- Day025_More_Info.T001_getList -->
