<?xml version="1.0" encoding="UTF-8"?>
<!-- Generated by org.testng.reporters.JUnitReportReporter -->
<testsuite skipped="0" hostname="DESKTOP-JDGVO00" name="DAY0001.TC01_Add_Skills" tests="1" failures="0" timestamp="2021-01-20T09:50:09 IST" time="41.331" errors="0">
  <testcase name="Add_Skills" time="41.331" classname="DAY0001.TC01_Add_Skills"/>
  <system-out/>
</testsuite> <!-- DAY0001.TC01_Add_Skills -->
