<?xml version="1.0" encoding="UTF-8"?>
<!-- Generated by org.testng.reporters.JUnitReportReporter -->
<testsuite hostname="TR13IT0HI1KA2010" failures="0" tests="1" name="Day005_Getting_Response_Data.A003_json" time="0.948" errors="0" timestamp="2024-03-27T17:04:46 IST" skipped="0">
  <testcase classname="Day005_Getting_Response_Data.A003_json" name="WeatherMessageBody" time="0.948"/>
  <system-out/>
</testsuite> <!-- Day005_Getting_Response_Data.A003_json -->
