<?xml version="1.0" encoding="UTF-8"?>
<!-- Generated by org.testng.reporters.JUnitReportReporter -->
<testsuite skipped="0" hostname="DESKTOP-AS6HJCP" name="Day_002_Java.TC07_WebElement_isEnabled" tests="1" failures="0" timestamp="2021-02-28T19:47:29 IST" time="7.093" errors="0">
  <testcase name="login_test" time="7.093" classname="Day_002_Java.TC07_WebElement_isEnabled"/>
  <system-out/>
</testsuite> <!-- Day_002_Java.TC07_WebElement_isEnabled -->
