<?xml version="1.0" encoding="UTF-8"?>
<!-- Generated by org.testng.reporters.JUnitReportReporter -->
<testsuite hostname="DESKTOP-AS6HJCP" failures="0" tests="1" name="ABC_Demo2.TC01_Login" time="8.381" errors="0" timestamp="2021-04-26T05:17:40 IST" skipped="0">
  <testcase classname="ABC_Demo2.TC01_Login" name="Login_Test" time="8.381"/>
  <system-out/>
</testsuite> <!-- ABC_Demo2.TC01_Login -->
