<?xml version="1.0" encoding="UTF-8"?>
<!-- Generated by org.testng.reporters.JUnitReportReporter -->
<testsuite hostname="TR13IT0HI1KA2010" failures="0" tests="1" name="ABC_017_JSONObjectUsingJacksonAPI.JSONObjectUsingJacksonAPI" time="1.968" errors="0" timestamp="2024-03-23T05:50:25 IST" skipped="0">
  <testcase classname="ABC_017_JSONObjectUsingJacksonAPI.JSONObjectUsingJacksonAPI" name="CreateUser" time="1.968"/>
  <system-out/>
</testsuite> <!-- ABC_017_JSONObjectUsingJacksonAPI.JSONObjectUsingJacksonAPI -->
