<?xml version="1.0" encoding="UTF-8"?>
<!-- Generated by org.testng.reporters.JUnitReportReporter -->
<testsuite hostname="TR13IT0HI1KA2010" failures="0" tests="1" name="ABC_007_Query_Parameters.QueryParameters_BDD_Style" time="1.171" errors="0" timestamp="2024-03-21T17:19:07 IST" skipped="0">
  <testcase classname="ABC_007_Query_Parameters.QueryParameters_BDD_Style" name="testWithQueryParams" time="1.171"/>
  <system-out/>
</testsuite> <!-- ABC_007_Query_Parameters.QueryParameters_BDD_Style -->
