<?xml version="1.0" encoding="UTF-8"?>
<!-- Generated by org.testng.reporters.JUnitReportReporter -->
<testsuite hostname="TR13IT0HI1KA2010" failures="0" tests="1" name="ABC_040_Path_Parameters.Path_Parameters2" time="3.238" errors="0" timestamp="2024-03-23T06:52:11 IST" skipped="0">
  <testcase classname="ABC_040_Path_Parameters.Path_Parameters2" name="test1" time="3.238"/>
  <system-out/>
</testsuite> <!-- ABC_040_Path_Parameters.Path_Parameters2 -->
