<?xml version="1.0" encoding="UTF-8"?>
<!-- Generated by org.testng.reporters.JUnitReportReporter -->
<testsuite hostname="DESKTOP-AS6HJCP" failures="0" tests="1" name="Day_023_File_Upload_Download.TC04_FileDownLoad" time="23.749" errors="0" timestamp="2021-05-14T04:05:22 IST" skipped="0">
  <testcase classname="Day_023_File_Upload_Download.TC04_FileDownLoad" name="File_Download" time="23.749"/>
  <system-out/>
</testsuite> <!-- Day_023_File_Upload_Download.TC04_FileDownLoad -->
