<?xml version="1.0" encoding="UTF-8"?>
<!-- Generated by org.testng.reporters.JUnitReportReporter -->
<testsuite skipped="0" hostname="DESKTOP-JDGVO00" name="Day_37_BrokenLinks.BrokenLinks" tests="1" failures="0" timestamp="2021-01-18T10:32:09 IST" time="16.595" errors="0">
  <testcase name="Open_OrangeHRM" time="16.595" classname="Day_37_BrokenLinks.BrokenLinks"/>
  <system-out/>
</testsuite> <!-- Day_37_BrokenLinks.BrokenLinks -->
