<?xml version="1.0" encoding="UTF-8"?>
<!-- Generated by org.testng.reporters.JUnitReportReporter -->
<testsuite hostname="TR13IT0HI1KA2010" failures="0" tests="1" name="Day025_More_Info.J1_booksWithArgAuthor" time="1.215" errors="0" timestamp="2022-07-30T20:41:06 IST" skipped="0">
  <testcase classname="Day025_More_Info.J1_booksWithArgAuthor" name="JsonPathUsage" time="1.215"/>
  <system-out/>
</testsuite> <!-- Day025_More_Info.J1_booksWithArgAuthor -->
