<?xml version="1.0" encoding="UTF-8"?>
<!-- Generated by org.testng.reporters.JUnitReportReporter -->
<testsuite hostname="TR13IT0HI1KA2010" failures="0" tests="1" name="ABC_026_JSON_To_ClassObject_ObjectMapper_Deserialization1.DemoIgnoreProperties" time="0.214" errors="0" timestamp="2024-03-23T06:11:39 IST" skipped="0">
  <testcase classname="ABC_026_JSON_To_ClassObject_ObjectMapper_Deserialization1.DemoIgnoreProperties" name="test1" time="0.214"/>
  <system-out/>
</testsuite> <!-- ABC_026_JSON_To_ClassObject_ObjectMapper_Deserialization1.DemoIgnoreProperties -->
