<?xml version="1.0" encoding="UTF-8"?>
<!-- Generated by org.testng.reporters.JUnitReportReporter -->
<testsuite hostname="TR13IT0HI1KA2010" failures="0" tests="1" name="Day029_Multi_value_headers.TC01_HeadersExample" time="1.161" errors="0" timestamp="2024-04-13T12:51:08 IST" skipped="0">
  <testcase classname="Day029_Multi_value_headers.TC01_HeadersExample" name="Test1" time="1.161"/>
  <system-out/>
</testsuite> <!-- Day029_Multi_value_headers.TC01_HeadersExample -->
