<?xml version="1.0" encoding="UTF-8"?>
<!-- Generated by org.testng.reporters.JUnitReportReporter -->
<testsuite hostname="TR13IT0HI1KA2010" failures="0" tests="1" name="Day025_More_Info.T003_lastBookTitle2" time="1.231" errors="0" timestamp="2022-08-30T06:04:25 IST" skipped="0">
  <testcase classname="Day025_More_Info.T003_lastBookTitle2" name="JsonPathUsage" time="1.231"/>
  <system-out/>
</testsuite> <!-- Day025_More_Info.T003_lastBookTitle2 -->
