<?xml version="1.0" encoding="UTF-8"?>
<!-- Generated by org.testng.reporters.JUnitReportReporter -->
<testsuite hostname="TR13IT0HI1KA2010" failures="0" tests="1" name="ABC_040_Path_Parameters.Path_Parameters3" time="3.841" errors="0" timestamp="2024-03-22T15:04:07 IST" skipped="0">
  <testcase classname="ABC_040_Path_Parameters.Path_Parameters3" name="UserListResponseBody" time="3.841"/>
  <system-out/>
</testsuite> <!-- ABC_040_Path_Parameters.Path_Parameters3 -->
