<?xml version="1.0" encoding="UTF-8"?>
<!-- Generated by org.testng.reporters.JUnitReportReporter -->
<testsuite skipped="0" hostname="DESKTOP-AS6HJCP" name="Core_Java_New_Programs.Test1_Praveen" tests="1" failures="0" timestamp="2021-02-20T07:50:20 IST" time="2245.177" errors="0">
  <testcase name="test1Naukri" time="2245.177" classname="Core_Java_New_Programs.Test1_Praveen"/>
  <system-out/>
</testsuite> <!-- Core_Java_New_Programs.Test1_Praveen -->
