<?xml version="1.0" encoding="UTF-8"?>
<!-- Generated by org.testng.reporters.JUnitReportReporter -->
<testsuite skipped="0" hostname="DESKTOP-JDGVO00" name="DAY0002.NewTest" tests="1" failures="0" timestamp="2021-01-20T10:46:13 IST" time="25.832" errors="0">
  <testcase name="loginpage" time="25.832" classname="DAY0002.NewTest"/>
  <system-out/>
</testsuite> <!-- DAY0002.NewTest -->
