<?xml version="1.0" encoding="UTF-8"?>
<!-- Generated by org.testng.reporters.JUnitReportReporter -->
<testsuite hostname="TR13IT0HI1KA2010" failures="0" tests="1" name="ABC_013_QueryRequestSpecification.QueryRequestSpecification" time="0.411" errors="0" timestamp="2024-03-22T09:02:54 IST" skipped="0">
  <testcase classname="ABC_013_QueryRequestSpecification.QueryRequestSpecification" name="createUser" time="0.411"/>
  <system-out/>
</testsuite> <!-- ABC_013_QueryRequestSpecification.QueryRequestSpecification -->
