<?xml version="1.0" encoding="UTF-8"?>
<!-- Generated by org.testng.reporters.JUnitReportReporter -->
<testsuite hostname="DESKTOP-AS6HJCP" failures="0" tests="1" name="Day044_Return_Values.TC001_Return_Single_Value" time="95.242" errors="0" timestamp="2021-07-31T05:00:09 IST" skipped="0">
  <testcase classname="Day044_Return_Values.TC001_Return_Single_Value" name="Test5" time="95.242"/>
  <system-out/>
</testsuite> <!-- Day044_Return_Values.TC001_Return_Single_Value -->
