<?xml version="1.0" encoding="UTF-8"?>
<!-- Generated by org.testng.reporters.JUnitReportReporter -->
<testsuite skipped="0" hostname="DESKTOP-JDGVO00" name="Day_017_Multiple_Suites.OrangeHRMTest" tests="1" failures="0" timestamp="2021-01-15T11:40:11 IST" time="11.554" errors="0">
  <testcase name="Open_OrangeHRM" time="11.554" classname="Day_017_Multiple_Suites.OrangeHRMTest"/>
  <system-out/>
</testsuite> <!-- Day_017_Multiple_Suites.OrangeHRMTest -->
