<?xml version="1.0" encoding="UTF-8"?>
<!-- Generated by org.testng.reporters.JUnitReportReporter -->
<testsuite hostname="TR13IT0HI1KA2010" failures="0" tests="1" name="ABC_024_Pojo_ClassObject_JSON_String.DemoJsonInclude" time="0.224" errors="0" timestamp="2024-07-21T17:12:28 IST" skipped="0">
  <testcase classname="ABC_024_Pojo_ClassObject_JSON_String.DemoJsonInclude" name="testMethod1" time="0.224"/>
  <system-out/>
</testsuite> <!-- ABC_024_Pojo_ClassObject_JSON_String.DemoJsonInclude -->
