<?xml version="1.0" encoding="UTF-8"?>
<!-- Generated by org.testng.reporters.JUnitReportReporter -->
<testsuite hostname="TR13IT0HI1KA2010" failures="0" tests="1" name="RestAssured5.City3" time="1.869" errors="0" timestamp="2022-09-02T04:43:48 IST" skipped="0">
  <testcase classname="RestAssured5.City3" name="WeatherMessageBody" time="1.869"/>
  <system-out/>
</testsuite> <!-- RestAssured5.City3 -->
