<?xml version="1.0" encoding="UTF-8"?>
<!-- Generated by org.testng.reporters.JUnitReportReporter -->
<testsuite skipped="0" hostname="DESKTOP-AS6HJCP" name="Core_Java_New_Programs.Test1_Naukri2" tests="1" failures="0" timestamp="2021-02-20T03:04:20 IST" time="32.586" errors="0">
  <testcase name="test1Naukri" time="32.586" classname="Core_Java_New_Programs.Test1_Naukri2"/>
  <system-out/>
</testsuite> <!-- Core_Java_New_Programs.Test1_Naukri2 -->
