<?xml version="1.0" encoding="UTF-8"?>
<!-- Generated by org.testng.reporters.JUnitReportReporter -->
<testsuite skipped="0" hostname="DESKTOP-AS6HJCP" name="DAY045_CSS_Selectors.TC01_ID" tests="1" failures="0" timestamp="2021-01-26T06:53:03 IST" time="15.094" errors="0">
  <testcase name="Test2" time="15.094" classname="DAY045_CSS_Selectors.TC01_ID"/>
  <system-out/>
</testsuite> <!-- DAY045_CSS_Selectors.TC01_ID -->
