<?xml version="1.0" encoding="UTF-8"?>
<!-- Generated by org.testng.reporters.JUnitReportReporter -->
<testsuite hostname="TR13IT0HI1KA2010" failures="0" tests="1" name="Day006_Specifying_Request_Data.MeasuringResponseTime" time="1.548" errors="0" timestamp="2024-05-01T06:39:50 IST" skipped="0">
  <testcase classname="Day006_Specifying_Request_Data.MeasuringResponseTime" name="WeatherMessageBody" time="1.548"/>
  <system-out/>
</testsuite> <!-- Day006_Specifying_Request_Data.MeasuringResponseTime -->
