<?xml version="1.0" encoding="UTF-8"?>
<!-- Generated by org.testng.reporters.JUnitReportReporter -->
<testsuite hostname="TR13IT0HI1KA2010" failures="0" tests="1" name="ABC_003_Get_Post_Put_Patch_Delete.Test_PostMethod" time="1.721" errors="0" timestamp="2024-03-21T16:39:32 IST" skipped="0">
  <testcase classname="ABC_003_Get_Post_Put_Patch_Delete.Test_PostMethod" name="test03" time="1.721"/>
  <system-out/>
</testsuite> <!-- ABC_003_Get_Post_Put_Patch_Delete.Test_PostMethod -->
