<?xml version="1.0" encoding="UTF-8"?>
<!-- Generated by org.testng.reporters.JUnitReportReporter -->
<testsuite hostname="TR13IT0HI1KA2010" failures="0" tests="1" name="RestAssured5.List_MapContains_String_Object1" time="1.495" errors="0" timestamp="2023-12-04T03:45:44 IST" skipped="0">
  <testcase classname="RestAssured5.List_MapContains_String_Object1" name="WeatherMessageBody" time="1.495"/>
  <system-out/>
</testsuite> <!-- RestAssured5.List_MapContains_String_Object1 -->
