<?xml version="1.0" encoding="UTF-8"?>
<!-- Generated by org.testng.reporters.JUnitReportReporter -->
<testsuite skipped="0" hostname="DESKTOP-JDGVO00" name="DAY006.TC01_Add_Skills" tests="1" failures="0" timestamp="2021-01-21T09:05:31 IST" time="18.823" errors="0">
  <testcase name="AddSkills" time="18.823" classname="DAY006.TC01_Add_Skills"/>
  <system-out/>
</testsuite> <!-- DAY006.TC01_Add_Skills -->
