<?xml version="1.0" encoding="UTF-8"?>
<!-- Generated by org.testng.reporters.JUnitReportReporter -->
<testsuite skipped="0" hostname="DESKTOP-JDGVO00" name="DAY001_Jan22.TC01_Test2_DataProvider2" tests="3" failures="0" timestamp="2021-01-22T09:03:16 IST" time="58.454" errors="0">
  <testcase name="Test1_Login" time="19.714" classname="DAY001_Jan22.TC01_Test2_DataProvider2"/>
  <system-out/>
  <testcase name="Test1_Login" time="20.127" classname="DAY001_Jan22.TC01_Test2_DataProvider2"/>
  <system-out/>
  <testcase name="Test1_Login" time="18.613" classname="DAY001_Jan22.TC01_Test2_DataProvider2"/>
  <system-out/>
</testsuite> <!-- DAY001_Jan22.TC01_Test2_DataProvider2 -->
