<?xml version="1.0" encoding="UTF-8"?>
<!-- Generated by org.testng.reporters.JUnitReportReporter -->
<testsuite hostname="TR13IT0HI1KA2010" failures="0" tests="1" name="RestAssured5.Map_StringMap" time="1.640" errors="0" timestamp="2022-09-02T05:08:03 IST" skipped="0">
  <testcase classname="RestAssured5.Map_StringMap" name="WeatherMessageBody" time="1.640"/>
  <system-out/>
</testsuite> <!-- RestAssured5.Map_StringMap -->
