<?xml version="1.0" encoding="UTF-8"?>
<!-- Generated by org.testng.reporters.JUnitReportReporter -->
<testsuite hostname="TR13IT0HI1KA2010" failures="0" tests="1" name="ABC_043_Headers_Cookies.RetrievingResponseCookies" time="2.070" errors="0" timestamp="2024-05-01T16:46:00 IST" skipped="0">
  <testcase classname="ABC_043_Headers_Cookies.RetrievingResponseCookies" name="getALlHeadersFromResponse" time="2.070"/>
  <system-out/>
</testsuite> <!-- ABC_043_Headers_Cookies.RetrievingResponseCookies -->
