<?xml version="1.0" encoding="UTF-8"?>
<!-- Generated by org.testng.reporters.JUnitReportReporter -->
<testsuite hostname="TR13IT0HI1KA2010" failures="0" tests="1" name="ReqRes_In.PostRequest" time="1.774" errors="0" timestamp="2022-09-03T04:09:12 IST" skipped="0">
  <testcase classname="ReqRes_In.PostRequest" name="RegistrationSuccessful1" time="1.774"/>
  <system-out/>
</testsuite> <!-- ReqRes_In.PostRequest -->
