<?xml version="1.0" encoding="UTF-8"?>
<!-- Generated by org.testng.reporters.JUnitReportReporter -->
<testsuite hostname="TR13IT0HI1KA2010" failures="0" tests="1" name="Day025_More_Info.J1_get" time="1.194" errors="0" timestamp="2022-07-30T20:23:22 IST" skipped="0">
  <testcase classname="Day025_More_Info.J1_get" name="JsonPathUsage" time="1.194"/>
  <system-out/>
</testsuite> <!-- Day025_More_Info.J1_get -->
