<?xml version="1.0" encoding="UTF-8"?>
<!-- Generated by org.testng.reporters.JUnitReportReporter -->
<testsuite hostname="TR13IT0HI1KA2010" failures="0" tests="1" name="Day002_Examples.store" time="1.323" errors="0" timestamp="2022-09-03T04:50:50 IST" skipped="0">
  <testcase classname="Day002_Examples.store" name="VerifyData" time="1.323"/>
  <system-out/>
</testsuite> <!-- Day002_Examples.store -->
