<?xml version="1.0" encoding="UTF-8"?>
<!-- Generated by org.testng.reporters.JUnitReportReporter -->
<testsuite skipped="0" hostname="DESKTOP-AS6HJCP" name="Day_031_FailedTestCases.Dimesnsion" tests="1" failures="0" timestamp="2021-02-06T22:25:02 IST" time="21.420" errors="0">
  <testcase name="proxyTest1" time="21.420" classname="Day_031_FailedTestCases.Dimesnsion"/>
  <system-out/>
</testsuite> <!-- Day_031_FailedTestCases.Dimesnsion -->
