<?xml version="1.0" encoding="UTF-8"?>
<!-- Generated by org.testng.reporters.JUnitReportReporter -->
<testsuite hostname="TR13IT0HI1KA2010" failures="0" tests="1" name="Day005_Getting_Response_Data.Lotto2" time="0.988" errors="0" timestamp="2024-03-27T16:53:40 IST" skipped="0">
  <testcase classname="Day005_Getting_Response_Data.Lotto2" name="WeatherMessageBody" time="0.988"/>
  <system-out/>
</testsuite> <!-- Day005_Getting_Response_Data.Lotto2 -->
