<?xml version="1.0" encoding="UTF-8"?>
<!-- Generated by org.testng.reporters.JUnitReportReporter -->
<testsuite hostname="TR13IT0HI1KA2010" failures="0" tests="1" name="Day005_Getting_Response_Data.RetrievingResponseCookies" time="4.689" errors="0" timestamp="2024-03-28T13:05:10 IST" skipped="0">
  <testcase classname="Day005_Getting_Response_Data.RetrievingResponseCookies" name="getALlHeadersFromResponse" time="4.689"/>
  <system-out/>
</testsuite> <!-- Day005_Getting_Response_Data.RetrievingResponseCookies -->
