<?xml version="1.0" encoding="UTF-8"?>
<!-- Generated by org.testng.reporters.JUnitReportReporter -->
<testsuite hostname="TR13IT0HI1KA2010" failures="0" tests="1" name="RestAssured5.ListObject_ListString" time="1.259" errors="0" timestamp="2023-12-04T03:48:14 IST" skipped="0">
  <testcase classname="RestAssured5.ListObject_ListString" name="WeatherMessageBody" time="1.259"/>
  <system-out/>
</testsuite> <!-- RestAssured5.ListObject_ListString -->
