<?xml version="1.0" encoding="UTF-8"?>
<!-- Generated by org.testng.reporters.JUnitReportReporter -->
<testsuite hostname="TR13IT0HI1KA2010" failures="0" tests="1" name="Day006_Specifying_Request_Data.TC005_Full_Body_Content_Matching" time="0.940" errors="0" timestamp="2024-05-01T12:44:40 IST" skipped="0">
  <testcase classname="Day006_Specifying_Request_Data.TC005_Full_Body_Content_Matching" name="test01" time="0.940"/>
  <system-out/>
</testsuite> <!-- Day006_Specifying_Request_Data.TC005_Full_Body_Content_Matching -->
