<?xml version="1.0" encoding="UTF-8"?>
<!-- Generated by org.testng.reporters.JUnitReportReporter -->
<testsuite hostname="TR13IT0HI1KA2010" failures="0" tests="1" name="Day016_RootPath.QueryParameters2" time="1.778" errors="0" timestamp="2024-03-18T14:05:21 IST" skipped="0">
  <testcase classname="Day016_RootPath.QueryParameters2" name="verifyQueryParam" time="1.778"/>
  <system-out/>
</testsuite> <!-- Day016_RootPath.QueryParameters2 -->
