<?xml version="1.0" encoding="UTF-8"?>
<!-- Generated by org.testng.reporters.JUnitReportReporter -->
<testsuite skipped="0" hostname="DESKTOP-JDGVO00" name="Day_001_Demo.TC08_FireFox_Test" tests="1" failures="0" timestamp="2021-01-22T09:19:52 IST" time="9.921" errors="0">
  <testcase name="Login_Test" time="9.921" classname="Day_001_Demo.TC08_FireFox_Test"/>
  <system-out/>
</testsuite> <!-- Day_001_Demo.TC08_FireFox_Test -->
