<?xml version="1.0" encoding="UTF-8"?>
<!-- Generated by org.testng.reporters.JUnitReportReporter -->
<testsuite skipped="0" hostname="DESKTOP-AS6HJCP" name="Day_001_Demo.TC01_location_of_element" tests="1" failures="0" timestamp="2021-03-06T21:52:53 IST" time="7.899" errors="0">
  <testcase name="login_test" time="7.899" classname="Day_001_Demo.TC01_location_of_element"/>
  <system-out/>
</testsuite> <!-- Day_001_Demo.TC01_location_of_element -->
