<?xml version="1.0" encoding="UTF-8"?>
<!-- Generated by org.testng.reporters.JUnitReportReporter -->
<testsuite skipped="0" hostname="DESKTOP-JDGVO00" name="AADITYA.TC01_Login_Static_Parameters" tests="3" failures="0" timestamp="2021-01-17T12:46:53 IST" time="56.258" errors="0">
  <testcase name="loginTest" time="19.070" classname="AADITYA.TC01_Login_Static_Parameters"/>
  <system-out/>
  <testcase name="loginTest" time="19.477" classname="AADITYA.TC01_Login_Static_Parameters"/>
  <system-out/>
  <testcase name="loginTest" time="17.711" classname="AADITYA.TC01_Login_Static_Parameters"/>
  <system-out/>
</testsuite> <!-- AADITYA.TC01_Login_Static_Parameters -->
