<?xml version="1.0" encoding="UTF-8"?>
<!-- Generated by org.testng.reporters.JUnitReportReporter -->
<testsuite skipped="0" hostname="DESKTOP-JDGVO00" name="Day_013_InvocationCount.TC01_InvocationCount" tests="3" failures="0" timestamp="2021-01-15T11:45:35 IST" time="33.365" errors="0">
  <testcase name="Login" time="11.177" classname="Day_013_InvocationCount.TC01_InvocationCount"/>
  <system-out/>
  <testcase name="Login" time="10.911" classname="Day_013_InvocationCount.TC01_InvocationCount"/>
  <system-out/>
  <testcase name="Login" time="11.277" classname="Day_013_InvocationCount.TC01_InvocationCount"/>
  <system-out/>
</testsuite> <!-- Day_013_InvocationCount.TC01_InvocationCount -->
