<?xml version="1.0" encoding="UTF-8"?>
<!-- Generated by org.testng.reporters.JUnitReportReporter -->
<testsuite hostname="TR13IT0HI1KA2010" failures="0" tests="1" name="Pojo_Classes.Test_001_GetMethod3" time="1.113" errors="0" timestamp="2024-07-22T12:16:41 IST" skipped="0">
  <testcase classname="Pojo_Classes.Test_001_GetMethod3" name="test02" time="1.113"/>
  <system-out/>
</testsuite> <!-- Pojo_Classes.Test_001_GetMethod3 -->
