<?xml version="1.0" encoding="UTF-8"?>
<!-- Generated by org.testng.reporters.JUnitReportReporter -->
<testsuite hostname="TR13IT0HI1KA2010" failures="0" tests="20" name="RestAssured2.JsonPathTest3" time="0.460" errors="0" timestamp="2022-08-30T06:41:03 IST" skipped="0">
  <testcase classname="RestAssured2.JsonPathTest3" name="getStringConvertsTheResultToAString" time="0.013"/>
  <system-out/>
  <testcase classname="RestAssured2.JsonPathTest3" name="getObjectAsStringWorksWhenPathPointsToAString" time="0.008"/>
  <system-out/>
  <testcase classname="RestAssured2.JsonPathTest3" name="getFloatAndDoublesAsBigDecimal" time="0.018"/>
  <system-out/>
  <testcase classname="RestAssured2.JsonPathTest3" name="can_parse_multiple_values" time="0.016"/>
  <system-out/>
  <testcase classname="RestAssured2.JsonPathTest3" name="getObjectAsFloatWorksWhenPathPointsToAFloat" time="0.010"/>
  <system-out/>
  <testcase classname="RestAssured2.JsonPathTest3" name="booksWithArgAuthor" time="0.011"/>
  <system-out/>
  <testcase classname="RestAssured2.JsonPathTest3" name="getNumericalValues" time="0.001"/>
  <system-out/>
  <testcase classname="RestAssured2.JsonPathTest3" name="getObjectAsMapWorksWhenPathPointsToAJsonObject" time="0.008"/>
  <system-out/>
  <testcase classname="RestAssured2.JsonPathTest3" name="nonStaticJsonPathConfigHasPrecedenceOverStaticConfiguration" time="0.010"/>
  <system-out/>
  <testcase classname="RestAssured2.JsonPathTest3" name="booksBetween5And15" time="0.272"/>
  <system-out/>
  <testcase classname="RestAssured2.JsonPathTest3" name="canParseJsonDocumentWithMultipleConsecutiveIntegersInsidePath" time="0.009"/>
  <system-out/>
  <testcase classname="RestAssured2.JsonPathTest3" name="firstBookCategory" time="0.010"/>
  <system-out/>
  <testcase classname="RestAssured2.JsonPathTest3" name="getFloatAndDoublesAsBigDecimalUsingStaticConfiguration" time="0.008"/>
  <system-out/>
  <testcase classname="RestAssured2.JsonPathTest3" name="getList" time="0.009"/>
  <system-out/>
  <testcase classname="RestAssured2.JsonPathTest3" name="sizeInPath" time="0.011"/>
  <system-out/>
  <testcase classname="RestAssured2.JsonPathTest3" name="getRootObjectAsMap" time="0.009"/>
  <system-out/>
  <testcase classname="RestAssured2.JsonPathTest3" name="getRootObjectAsMap2" time="0.009"/>
  <system-out/>
  <testcase classname="RestAssured2.JsonPathTest3" name="canParseJsonDocumentWhenPathIncludesMinusInsideEscaped" time="0.008"/>
  <system-out/>
  <testcase classname="RestAssured2.JsonPathTest3" name="getObjectWorksWhenPathPointsToAList" time="0.007"/>
  <system-out/>
  <testcase classname="RestAssured2.JsonPathTest3" name="lastBookTitle" time="0.013"/>
  <system-out/>
</testsuite> <!-- RestAssured2.JsonPathTest3 -->
