<?xml version="1.0" encoding="UTF-8"?>
<!-- Generated by org.testng.reporters.JUnitReportReporter -->
<testsuite hostname="TR13IT0HI1KA2010" failures="0" tests="1" name="Day006_Specifying_Request_Data.TC006_Other_Parts_of_Reponse2" time="1.199" errors="0" timestamp="2024-05-01T10:15:45 IST" skipped="0">
  <testcase classname="Day006_Specifying_Request_Data.TC006_Other_Parts_of_Reponse2" name="test1" time="1.199"/>
  <system-out/>
</testsuite> <!-- Day006_Specifying_Request_Data.TC006_Other_Parts_of_Reponse2 -->
