<?xml version="1.0" encoding="UTF-8"?>
<!-- Generated by org.testng.reporters.JUnitReportReporter -->
<testsuite hostname="TR13IT0HI1KA2010" failures="0" tests="1" name="Day016_RootPath.Path_Parameters2" time="2.798" errors="0" timestamp="2024-03-18T14:03:29 IST" skipped="0">
  <testcase classname="Day016_RootPath.Path_Parameters2" name="test1" time="2.798"/>
  <system-out/>
</testsuite> <!-- Day016_RootPath.Path_Parameters2 -->
