<?xml version="1.0" encoding="UTF-8"?>
<!-- Generated by org.testng.reporters.JUnitReportReporter -->
<testsuite hostname="TR13IT0HI1KA2010" failures="0" tests="2" name="ABC_003_Get_Post_Put_Patch_Delete.Test_GetMethod" time="1.292" errors="0" timestamp="2024-03-21T16:38:47 IST" skipped="0">
  <testcase classname="ABC_003_Get_Post_Put_Patch_Delete.Test_GetMethod" name="test01" time="1.118"/>
  <system-out/>
  <testcase classname="ABC_003_Get_Post_Put_Patch_Delete.Test_GetMethod" name="test02" time="0.174"/>
  <system-out/>
</testsuite> <!-- ABC_003_Get_Post_Put_Patch_Delete.Test_GetMethod -->
