<?xml version="1.0" encoding="UTF-8"?>
<!-- Generated by org.testng.reporters.JUnitReportReporter -->
<testsuite hostname="TR13IT0HI1KA2010" failures="0" tests="1" name="ABC_053_Serialization.Create_JSON_from_a_HashMap" time="1.942" errors="0" timestamp="2024-03-27T06:49:06 IST" skipped="0">
  <testcase classname="ABC_053_Serialization.Create_JSON_from_a_HashMap" name="test5" time="1.942"/>
  <system-out/>
</testsuite> <!-- ABC_053_Serialization.Create_JSON_from_a_HashMap -->
