<?xml version="1.0" encoding="UTF-8"?>
<!-- Generated by org.testng.reporters.JUnitReportReporter -->
<testsuite hostname="TR13IT0HI1KA2010" failures="0" tests="1" name="RestAssured5.Day01_Print_Response2" time="1.980" errors="0" timestamp="2023-12-04T04:00:40 IST" skipped="0">
  <testcase classname="RestAssured5.Day01_Print_Response2" name="submitForm" time="1.980"/>
  <system-out/>
</testsuite> <!-- RestAssured5.Day01_Print_Response2 -->
