<?xml version="1.0" encoding="UTF-8"?>
<!-- Generated by org.testng.reporters.JUnitReportReporter -->
<testsuite hostname="DESKTOP-AS6HJCP" failures="0" tests="1" name="RestAssured3.QueryParameters" time="2.773" errors="0" timestamp="2021-04-17T04:18:05 IST" skipped="0">
  <testcase classname="RestAssured3.QueryParameters" name="filterUser" time="2.773"/>
  <system-out/>
</testsuite> <!-- RestAssured3.QueryParameters -->
