<?xml version="1.0" encoding="UTF-8"?>
<!-- Generated by org.testng.reporters.JUnitReportReporter -->
<testsuite hostname="TR13IT0HI1KA2010" failures="0" tests="1" name="Day025_More_Info.T036_getObjectWorksWhenPathPointsToAList" time="1.221" errors="0" timestamp="2022-07-31T07:03:25 IST" skipped="0">
  <testcase classname="Day025_More_Info.T036_getObjectWorksWhenPathPointsToAList" name="JsonPathUsage" time="1.221"/>
  <system-out/>
</testsuite> <!-- Day025_More_Info.T036_getObjectWorksWhenPathPointsToAList -->
