<?xml version="1.0" encoding="UTF-8"?>
<!-- Generated by org.testng.reporters.JUnitReportReporter -->
<testsuite hostname="TR13IT0HI1KA2010" failures="0" tests="1" name="Day005_Getting_Response_Data.A001_InputStream" time="0.987" errors="0" timestamp="2024-03-27T16:59:36 IST" skipped="0">
  <testcase classname="Day005_Getting_Response_Data.A001_InputStream" name="WeatherMessageBody" time="0.987"/>
  <system-out/>
</testsuite> <!-- Day005_Getting_Response_Data.A001_InputStream -->
