<?xml version="1.0" encoding="UTF-8"?>
<!-- Generated by org.testng.reporters.JUnitReportReporter -->
<testsuite hostname="TR13IT0HI1KA2010" failures="0" tests="1" name="ABC_039_List_MapContains_String_Object.List_MapContains_String_Object2" time="1.427" errors="0" timestamp="2023-12-03T03:13:54 IST" skipped="0">
  <testcase classname="ABC_039_List_MapContains_String_Object.List_MapContains_String_Object2" name="WeatherMessageBody" time="1.427"/>
  <system-out/>
</testsuite> <!-- ABC_039_List_MapContains_String_Object.List_MapContains_String_Object2 -->
