<?xml version="1.0" encoding="UTF-8"?>
<!-- Generated by org.testng.reporters.JUnitReportReporter -->
<testsuite hostname="TR13IT0HI1KA2010" failures="0" tests="1" name="Day007_Verifying_Response_Data.RetrievingResponseCookies" time="2.631" errors="0" timestamp="2024-03-19T00:57:27 IST" skipped="0">
  <testcase classname="Day007_Verifying_Response_Data.RetrievingResponseCookies" name="getALlHeadersFromResponse" time="2.631"/>
  <system-out/>
</testsuite> <!-- Day007_Verifying_Response_Data.RetrievingResponseCookies -->
