<?xml version="1.0" encoding="UTF-8"?>
<!-- Generated by org.testng.reporters.JUnitReportReporter -->
<testsuite skipped="0" hostname="DESKTOP-JDGVO00" name="Day_001_Demo.TC03_Driver_Navigate_back" tests="1" failures="0" timestamp="2021-01-15T10:17:29 IST" time="16.929" errors="0">
  <testcase name="login_test" time="16.929" classname="Day_001_Demo.TC03_Driver_Navigate_back"/>
  <system-out/>
</testsuite> <!-- Day_001_Demo.TC03_Driver_Navigate_back -->
