<?xml version="1.0" encoding="UTF-8"?>
<!-- Generated by org.testng.reporters.JUnitReportReporter -->
<testsuite hostname="DESKTOP-AS6HJCP" failures="0" tests="1" name="Day_016_ParallelClasses.MercuryTest" time="10.234" errors="0" timestamp="2021-06-07T04:20:26 IST" skipped="0">
  <testcase classname="Day_016_ParallelClasses.MercuryTest" name="Open_Mercury" time="10.234"/>
  <system-out/>
</testsuite> <!-- Day_016_ParallelClasses.MercuryTest -->
