<?xml version="1.0" encoding="UTF-8"?>
<!-- Generated by org.testng.reporters.JUnitReportReporter -->
<testsuite skipped="0" hostname="DESKTOP-JDGVO00" name="rsr.login_111" tests="1" failures="0" timestamp="2021-01-22T09:53:29 IST" time="14.432" errors="0">
  <testcase name="login_test" time="14.432" classname="rsr.login_111"/>
  <system-out/>
</testsuite> <!-- rsr.login_111 -->
