<?xml version="1.0" encoding="UTF-8"?>
<!-- Generated by org.testng.reporters.JUnitReportReporter -->
<testsuite hostname="TR13IT0HI1KA2010" failures="0" tests="1" name="ABC_033_Create_Post_Request_PayLoads_Multiple_Ways.Test2_Post_RequestBody_Using_HashMap2" time="33.551" errors="0" timestamp="2024-03-22T20:12:49 IST" skipped="0">
  <testcase classname="ABC_033_Create_Post_Request_PayLoads_Multiple_Ways.Test2_Post_RequestBody_Using_HashMap2" name="Post_RequestBody_Using_HashMap" time="33.551"/>
  <system-out/>
</testsuite> <!-- ABC_033_Create_Post_Request_PayLoads_Multiple_Ways.Test2_Post_RequestBody_Using_HashMap2 -->
