<?xml version="1.0" encoding="UTF-8"?>
<!-- Generated by org.testng.reporters.JUnitReportReporter -->
<testsuite hostname="TR13IT0HI1KA2010" failures="0" tests="1" name="RestAssured5.List_MapContains_String_Object" time="1.338" errors="0" timestamp="2024-03-26T08:18:25 IST" skipped="0">
  <testcase classname="RestAssured5.List_MapContains_String_Object" name="WeatherMessageBody" time="1.338"/>
  <system-out/>
</testsuite> <!-- RestAssured5.List_MapContains_String_Object -->
