<?xml version="1.0" encoding="UTF-8"?>
<!-- Generated by org.testng.reporters.JUnitReportReporter -->
<testsuite hostname="TR13IT0HI1KA2010" failures="0" tests="1" name="RestAssured2.DummyApi_All_Employees4" time="1.267" errors="0" timestamp="2022-08-27T06:10:20 IST" skipped="0">
  <testcase classname="RestAssured2.DummyApi_All_Employees4" name="WeatherMessageBody" time="1.267"/>
  <system-out/>
</testsuite> <!-- RestAssured2.DummyApi_All_Employees4 -->
