<?xml version="1.0" encoding="UTF-8"?>
<!-- Generated by org.testng.reporters.JUnitReportReporter -->
<testsuite hostname="TR13IT0HI1KA2010" failures="0" tests="1" name="ABC_028_AddHeaderInRequestDemo.AddHeaderInRequestDemo" time="1.192" errors="0" timestamp="2024-03-24T08:26:43 IST" skipped="0">
  <testcase classname="ABC_028_AddHeaderInRequestDemo.AddHeaderInRequestDemo" name="testMethod1" time="1.192"/>
  <system-out/>
</testsuite> <!-- ABC_028_AddHeaderInRequestDemo.AddHeaderInRequestDemo -->
