<?xml version="1.0" encoding="UTF-8"?>
<!-- Generated by org.testng.reporters.JUnitReportReporter -->
<testsuite hostname="TR13IT0HI1KA2010" failures="0" tests="1" name="ABC_033_Create_Post_Request_PayLoads_Multiple_Ways.Test3_Post_RequestBody_Using_Pojo_class" time="33.148" errors="0" timestamp="2024-03-22T20:22:42 IST" skipped="0">
  <testcase classname="ABC_033_Create_Post_Request_PayLoads_Multiple_Ways.Test3_Post_RequestBody_Using_Pojo_class" name="Post_RequestBody_Using_HashMap" time="33.148"/>
  <system-out/>
</testsuite> <!-- ABC_033_Create_Post_Request_PayLoads_Multiple_Ways.Test3_Post_RequestBody_Using_Pojo_class -->
