<?xml version="1.0" encoding="UTF-8"?>
<!-- Generated by org.testng.reporters.JUnitReportReporter -->
<testsuite skipped="0" hostname="DESKTOP-JDGVO00" name="DAY001_Jan22.TC01_Test2_DataProvider3" tests="3" failures="0" timestamp="2021-01-22T09:13:21 IST" time="59.810" errors="0">
  <testcase name="Test1_Login" time="30.981" classname="DAY001_Jan22.TC01_Test2_DataProvider3"/>
  <system-out/>
  <testcase name="Test1_Login" time="14.350" classname="DAY001_Jan22.TC01_Test2_DataProvider3"/>
  <system-out/>
  <testcase name="Test1_Login" time="14.479" classname="DAY001_Jan22.TC01_Test2_DataProvider3"/>
  <system-out/>
</testsuite> <!-- DAY001_Jan22.TC01_Test2_DataProvider3 -->
