<?xml version="1.0" encoding="UTF-8"?>
<!-- Generated by org.testng.reporters.JUnitReportReporter -->
<testsuite hostname="DESKTOP-AS6HJCP" failures="0" tests="1" name="RestAssured3.PostRequest2" time="3.957" errors="0" timestamp="2021-04-18T05:41:25 IST" skipped="0">
  <testcase classname="RestAssured3.PostRequest2" name="RegistrationSuccessful1" time="3.957"/>
  <system-out/>
</testsuite> <!-- RestAssured3.PostRequest2 -->
