<?xml version="1.0" encoding="UTF-8"?>
<!-- Generated by org.testng.reporters.JUnitReportReporter -->
<testsuite hostname="TR13IT0HI1KA2010" failures="0" tests="1" name="Day002_Examples.Price_is_12_12_F" time="1.374" errors="0" timestamp="2024-05-03T01:33:52 IST" skipped="0">
  <testcase classname="Day002_Examples.Price_is_12_12_F" name="VerifyData" time="1.374"/>
  <system-out/>
</testsuite> <!-- Day002_Examples.Price_is_12_12_F -->
