<?xml version="1.0" encoding="UTF-8"?>
<!-- Generated by org.testng.reporters.JUnitReportReporter -->
<testsuite skipped="0" hostname="DESKTOP-JDGVO00" name="Day_024_Advanced_Xpaths.TC003_OR_AND" tests="1" failures="0" timestamp="2021-01-17T11:56:13 IST" time="14.055" errors="0">
  <testcase name="Test1" time="14.055" classname="Day_024_Advanced_Xpaths.TC003_OR_AND"/>
  <system-out/>
</testsuite> <!-- Day_024_Advanced_Xpaths.TC003_OR_AND -->
