<?xml version="1.0" encoding="UTF-8"?>
<!-- Generated by org.testng.reporters.JUnitReportReporter -->
<testsuite hostname="TR13IT0HI1KA2010" failures="0" tests="1" name="Day025_More_Info.J1_getRootObjectAsMap" time="1.213" errors="0" timestamp="2022-07-30T21:09:10 IST" skipped="0">
  <testcase classname="Day025_More_Info.J1_getRootObjectAsMap" name="findAll_AuthorAs" time="1.213"/>
  <system-out/>
</testsuite> <!-- Day025_More_Info.J1_getRootObjectAsMap -->
