<?xml version="1.0" encoding="UTF-8"?>
<!-- Generated by org.testng.reporters.JUnitReportReporter -->
<testsuite skipped="0" hostname="DESKTOP-JDGVO00" name="ABC_Demo1.TC03_Login_Static_Paarameters" tests="3" failures="0" timestamp="2021-01-14T16:53:30 IST" time="60.799" errors="0">
  <testcase name="Login_Test" time="17.748" classname="ABC_Demo1.TC03_Login_Static_Paarameters"/>
  <system-out/>
  <testcase name="Login_Test" time="24.860" classname="ABC_Demo1.TC03_Login_Static_Paarameters"/>
  <system-out/>
  <testcase name="Login_Test" time="18.191" classname="ABC_Demo1.TC03_Login_Static_Paarameters"/>
  <system-out/>
</testsuite> <!-- ABC_Demo1.TC03_Login_Static_Paarameters -->
