<?xml version="1.0" encoding="UTF-8"?>
<!-- Generated by org.testng.reporters.JUnitReportReporter -->
<testsuite skipped="0" hostname="DESKTOP-AS6HJCP" name="Day_020_Multiple_Windows.TC01_Multiple_Windows" tests="1" failures="0" timestamp="2021-02-16T03:20:16 IST" time="14.312" errors="0">
  <testcase name="testMultipleWindows" time="14.312" classname="Day_020_Multiple_Windows.TC01_Multiple_Windows"/>
  <system-out/>
</testsuite> <!-- Day_020_Multiple_Windows.TC01_Multiple_Windows -->
