<?xml version="1.0" encoding="UTF-8"?>
<!-- Generated by org.testng.reporters.JUnitReportReporter -->
<testsuite skipped="0" hostname="DESKTOP-JDGVO00" name="DDD.TC01_Add_jobs_Parameter" tests="1" failures="0" timestamp="2021-01-21T09:49:27 IST" time="25.006" errors="0">
  <testcase name="AddJobs" time="25.006" classname="DDD.TC01_Add_jobs_Parameter"/>
  <system-out/>
</testsuite> <!-- DDD.TC01_Add_jobs_Parameter -->
