<?xml version="1.0" encoding="UTF-8"?>
<!-- Generated by org.testng.reporters.JUnitReportReporter -->
<testsuite hostname="DESKTOP-AS6HJCP" failures="0" tests="1" name="Day_023_File_Upload_Download.TC04_FileDownLoad2" time="23.365" errors="0" timestamp="2021-05-14T04:15:40 IST" skipped="0">
  <testcase classname="Day_023_File_Upload_Download.TC04_FileDownLoad2" name="File_Download" time="23.365"/>
  <system-out/>
</testsuite> <!-- Day_023_File_Upload_Download.TC04_FileDownLoad2 -->
