<?xml version="1.0" encoding="UTF-8"?>
<!-- Generated by org.testng.reporters.JUnitReportReporter -->
<testsuite hostname="TR13IT0HI1KA2010" failures="0" tests="1" name="Day005_Getting_Response_Data.xmlPath4_setRoot" time="0.452" errors="0" timestamp="2024-04-13T13:13:31 IST" skipped="0">
  <testcase classname="Day005_Getting_Response_Data.xmlPath4_setRoot" name="testXmlPath" time="0.452"/>
  <system-out/>
</testsuite> <!-- Day005_Getting_Response_Data.xmlPath4_setRoot -->
