<?xml version="1.0" encoding="UTF-8"?>
<!-- Generated by org.testng.reporters.JUnitReportReporter -->
<testsuite hostname="TR13IT0HI1KA2010" failures="0" tests="1" name="ABC_053_Serialization.Using_an_Explicit_Serializer" time="1.703" errors="0" timestamp="2024-03-27T06:51:01 IST" skipped="0">
  <testcase classname="ABC_053_Serialization.Using_an_Explicit_Serializer" name="test5" time="1.703"/>
  <system-out/>
</testsuite> <!-- ABC_053_Serialization.Using_an_Explicit_Serializer -->
