<?xml version="1.0" encoding="UTF-8"?>
<!-- Generated by org.testng.reporters.JUnitReportReporter -->
<testsuite hostname="TR13IT0HI1KA2010" failures="0" tests="3" name="Day006_Specifying_Request_Data.Test_001_GetMethod" time="1.658" errors="0" timestamp="2024-05-01T07:00:03 IST" skipped="0">
  <testcase classname="Day006_Specifying_Request_Data.Test_001_GetMethod" name="response_time_can_be_validated_with_explicit_time_unit" time="0.246"/>
  <system-out/>
  <testcase classname="Day006_Specifying_Request_Data.Test_001_GetMethod" name="test01" time="0.226"/>
  <system-out/>
  <testcase classname="Day006_Specifying_Request_Data.Test_001_GetMethod" name="response_time_can_be_be_converted" time="1.186"/>
  <system-out/>
</testsuite> <!-- Day006_Specifying_Request_Data.Test_001_GetMethod -->
