<?xml version="1.0" encoding="UTF-8"?>
<!-- Generated by org.testng.reporters.JUnitReportReporter -->
<testsuite skipped="0" hostname="DESKTOP-AS6HJCP" name="AAA.Remove_Dupliactes_Charactres_From_String" tests="1" failures="0" timestamp="2021-02-16T03:46:06 IST" time="0.010" errors="0">
  <testcase name="Login" time="0.010" classname="AAA.Remove_Dupliactes_Charactres_From_String"/>
  <system-out/>
</testsuite> <!-- AAA.Remove_Dupliactes_Charactres_From_String -->
