<?xml version="1.0" encoding="UTF-8"?>
<!-- Generated by org.testng.reporters.JUnitReportReporter -->
<testsuite hostname="DESKTOP-AS6HJCP" failures="0" tests="1" name="RestAssured3.RegistrationSuccessful" time="2.587" errors="0" timestamp="2021-04-17T04:37:49 IST" skipped="0">
  <testcase classname="RestAssured3.RegistrationSuccessful" name="submitForm" time="2.587"/>
  <system-out/>
</testsuite> <!-- RestAssured3.RegistrationSuccessful -->
