<?xml version="1.0" encoding="UTF-8"?>
<!-- Generated by org.testng.reporters.JUnitReportReporter -->
<testsuite hostname="TR13IT0HI1KA2010" failures="0" tests="1" name="Day005_Getting_Response_Data.RetrievingResponseHeaders2" time="1.496" errors="0" timestamp="2024-04-13T12:50:14 IST" skipped="0">
  <testcase classname="Day005_Getting_Response_Data.RetrievingResponseHeaders2" name="getALlHeadersFromResponse" time="1.496"/>
  <system-out/>
</testsuite> <!-- Day005_Getting_Response_Data.RetrievingResponseHeaders2 -->
