<?xml version="1.0" encoding="UTF-8"?>
<!-- Generated by org.testng.reporters.JUnitReportReporter -->
<testsuite skipped="0" hostname="DESKTOP-JDGVO00" name="Day_024_Advanced_Xpaths.TC001_Absolute_Xpath" tests="1" failures="0" timestamp="2021-01-17T11:49:29 IST" time="13.664" errors="0">
  <testcase name="Test1" time="13.664" classname="Day_024_Advanced_Xpaths.TC001_Absolute_Xpath"/>
  <system-out/>
</testsuite> <!-- Day_024_Advanced_Xpaths.TC001_Absolute_Xpath -->
