<?xml version="1.0" encoding="UTF-8"?>
<!-- Generated by org.testng.reporters.JUnitReportReporter -->
<testsuite hostname="TR13IT0HI1KA2010" failures="0" tests="1" name="Day007_Verifying_Response_Data.MeasuringResponseTime" time="1.002" errors="0" timestamp="2022-08-27T07:29:08 IST" skipped="0">
  <testcase classname="Day007_Verifying_Response_Data.MeasuringResponseTime" name="WeatherMessageBody" time="1.002"/>
  <system-out/>
</testsuite> <!-- Day007_Verifying_Response_Data.MeasuringResponseTime -->
