<?xml version="1.0" encoding="UTF-8"?>
<!-- Generated by org.testng.reporters.JUnitReportReporter -->
<testsuite skipped="0" hostname="DESKTOP-JDGVO00" name="DAY001_Jan22.TC01_Test1" tests="1" failures="0" timestamp="2021-01-22T08:26:28 IST" time="19.518" errors="0">
  <testcase name="Test1_Login" time="19.518" classname="DAY001_Jan22.TC01_Test1"/>
  <system-out/>
</testsuite> <!-- DAY001_Jan22.TC01_Test1 -->
