<?xml version="1.0" encoding="UTF-8"?>
<!-- Generated by org.testng.reporters.JUnitReportReporter -->
<testsuite hostname="TR13IT0HI1KA2010" failures="0" tests="1" name="ABC_043_Headers_Cookies.RetrievingResponseHeaders2" time="1.490" errors="0" timestamp="2024-03-28T12:55:52 IST" skipped="0">
  <testcase classname="ABC_043_Headers_Cookies.RetrievingResponseHeaders2" name="getALlHeadersFromResponse" time="1.490"/>
  <system-out/>
</testsuite> <!-- ABC_043_Headers_Cookies.RetrievingResponseHeaders2 -->
