<?xml version="1.0" encoding="UTF-8"?>
<!-- Generated by org.testng.reporters.JUnitReportReporter -->
<testsuite skipped="0" hostname="DESKTOP-JDGVO00" name="DAY001_Jan22.TC01_Test2_DataProvider1" tests="2" failures="0" timestamp="2021-01-22T08:46:02 IST" time="34.769" errors="0">
  <testcase name="Test1_Login" time="17.872" classname="DAY001_Jan22.TC01_Test2_DataProvider1"/>
  <system-out/>
  <testcase name="Test1_Login" time="16.897" classname="DAY001_Jan22.TC01_Test2_DataProvider1"/>
  <system-out/>
</testsuite> <!-- DAY001_Jan22.TC01_Test2_DataProvider1 -->
