<?xml version="1.0" encoding="UTF-8"?>
<!-- Generated by org.testng.reporters.JUnitReportReporter -->
<testsuite hostname="TR13IT0HI1KA2010" failures="0" tests="1" name="Day005_Docs_XMLPATH_Store_Book.A009_bodyobj_contains_JsonPath2" time="1.284" errors="0" timestamp="2024-04-29T09:17:24 IST" skipped="0">
  <testcase classname="Day005_Docs_XMLPATH_Store_Book.A009_bodyobj_contains_JsonPath2" name="WeatherMessageBody" time="1.284"/>
  <system-out/>
</testsuite> <!-- Day005_Docs_XMLPATH_Store_Book.A009_bodyobj_contains_JsonPath2 -->
