<?xml version="1.0" encoding="UTF-8"?>
<!-- Generated by org.testng.reporters.JUnitReportReporter -->
<testsuite hostname="TR13IT0HI1KA2010" failures="0" tests="1" name="RestAssured1.Lotto2" time="2.206" errors="0" timestamp="2022-07-26T16:57:00 IST" skipped="0">
  <testcase classname="RestAssured1.Lotto2" name="WeatherMessageBody" time="2.206"/>
  <system-out/>
</testsuite> <!-- RestAssured1.Lotto2 -->
