<?xml version="1.0" encoding="UTF-8"?>
<!-- Generated by org.testng.reporters.JUnitReportReporter -->
<testsuite hostname="DESKTOP-AS6HJCP" failures="0" tests="1" name="RestAssured3.PostMethod" time="2.812" errors="0" timestamp="2021-04-17T04:49:51 IST" skipped="0">
  <testcase classname="RestAssured3.PostMethod" name="RegistrationSuccessful1" time="2.812"/>
  <system-out/>
</testsuite> <!-- RestAssured3.PostMethod -->
