<?xml version="1.0" encoding="UTF-8"?>
<!-- Generated by org.testng.reporters.JUnitReportReporter -->
<testsuite hostname="TR13IT0HI1KA2010" failures="0" tests="1" name="Venu.JSONPATH3" time="88.358" errors="0" timestamp="2022-08-02T14:39:25 IST" skipped="0">
  <testcase classname="Venu.JSONPATH3" name="DisplayAllNodesInWeatherAPI" time="88.358"/>
  <system-out/>
</testsuite> <!-- Venu.JSONPATH3 -->
