<?xml version="1.0" encoding="UTF-8"?>
<!-- Generated by org.testng.reporters.JUnitReportReporter -->
<testsuite hostname="TR13IT0HI1KA2010" failures="0" tests="1" name="ABC_034_RestAssured_API_Chaining.Test4_DeleteUser" time="0.606" errors="0" timestamp="2024-03-21T21:05:21 IST" skipped="0">
  <testcase classname="ABC_034_RestAssured_API_Chaining.Test4_DeleteUser" name="DeleteUser" time="0.606"/>
  <system-out/>
</testsuite> <!-- ABC_034_RestAssured_API_Chaining.Test4_DeleteUser -->
