<?xml version="1.0" encoding="UTF-8"?>
<!-- Generated by org.testng.reporters.JUnitReportReporter -->
<testsuite hostname="TR13IT0HI1KA2010" failures="0" tests="1" name="ABC_020_SerializationAndDeserialization.SerializationAndDeserialization" time="1.895" errors="0" timestamp="2024-03-22T08:00:30 IST" skipped="0">
  <testcase classname="ABC_020_SerializationAndDeserialization.SerializationAndDeserialization" name="CreateJSONObjectFromEmployeeClassObject" time="1.895"/>
  <system-out/>
</testsuite> <!-- ABC_020_SerializationAndDeserialization.SerializationAndDeserialization -->
