<?xml version="1.0" encoding="UTF-8"?>
<!-- Generated by org.testng.reporters.JUnitReportReporter -->
<testsuite skipped="0" hostname="DESKTOP-JDGVO00" name="Day_015_ParallelTests.OrangeHRMTest" tests="1" failures="0" timestamp="2021-01-15T11:28:16 IST" time="11.753" errors="0">
  <testcase name="Open_OrangeHRM" time="11.753" classname="Day_015_ParallelTests.OrangeHRMTest"/>
  <system-out/>
</testsuite> <!-- Day_015_ParallelTests.OrangeHRMTest -->
