<?xml version="1.0" encoding="UTF-8"?>
<!-- Generated by org.testng.reporters.JUnitReportReporter -->
<testsuite hostname="TR13IT0HI1KA2010" failures="0" tests="1" name="Day014_Filters.Filters" time="1.284" errors="0" timestamp="2024-03-23T19:58:42 IST" skipped="0">
  <testcase classname="Day014_Filters.Filters" name="useFilter" time="1.284"/>
  <system-out/>
</testsuite> <!-- Day014_Filters.Filters -->
