<?xml version="1.0" encoding="UTF-8"?>
<!-- Generated by org.testng.reporters.JUnitReportReporter -->
<testsuite hostname="DESKTOP-AS6HJCP" failures="0" tests="1" name="CoreJava_New.Singleton2" time="9.246" errors="0" timestamp="2021-07-20T05:08:15 IST" skipped="0">
  <testcase classname="CoreJava_New.Singleton2" name="Hello1" time="9.246"/>
  <system-out/>
</testsuite> <!-- CoreJava_New.Singleton2 -->
