<?xml version="1.0" encoding="UTF-8"?>
<!-- Generated by org.testng.reporters.JUnitReportReporter -->
<testsuite hostname="TR13IT0HI1KA2010" failures="0" tests="1" name="ABC_055_SerializationAndDeserialization_Using_Jackson.Employee_SerializationAndDeserialization" time="1.877" errors="0" timestamp="2024-03-25T20:19:14 IST" skipped="0">
  <testcase classname="ABC_055_SerializationAndDeserialization_Using_Jackson.Employee_SerializationAndDeserialization" name="CreateJSONObjectFromEmployeeClassObject" time="1.877"/>
  <system-out/>
</testsuite> <!-- ABC_055_SerializationAndDeserialization_Using_Jackson.Employee_SerializationAndDeserialization -->
