<?xml version="1.0" encoding="UTF-8"?>
<!-- Generated by org.testng.reporters.JUnitReportReporter -->
<testsuite skipped="0" hostname="DESKTOP-JDGVO00" name="Day_003_Locators.TC03_xpath2" tests="1" failures="0" timestamp="2021-01-15T09:56:38 IST" time="17.470" errors="0">
  <testcase name="Test2" time="17.470" classname="Day_003_Locators.TC03_xpath2"/>
  <system-out/>
</testsuite> <!-- Day_003_Locators.TC03_xpath2 -->
