<?xml version="1.0" encoding="UTF-8"?>
<!-- Generated by org.testng.reporters.JUnitReportReporter -->
<testsuite hostname="TR13IT0HI1KA2010" failures="0" tests="1" name="ABC_020_SerializationAndDeserialization_ObjectMapper.SerializationAndDeserialization2" time="0.225" errors="0" timestamp="2024-07-22T14:08:40 IST" skipped="0">
  <testcase classname="ABC_020_SerializationAndDeserialization_ObjectMapper.SerializationAndDeserialization2" name="CreateJSONObjectFromEmployeeClassObject" time="0.225"/>
  <system-out/>
</testsuite> <!-- ABC_020_SerializationAndDeserialization_ObjectMapper.SerializationAndDeserialization2 -->
