<?xml version="1.0" encoding="UTF-8"?>
<!-- Generated by org.testng.reporters.JUnitReportReporter -->
<testsuite hostname="TR13IT0HI1KA2010" failures="0" tests="1" name="Day005_Multi_value_Cookies.TC01_CookiesExample" time="2.016" errors="0" timestamp="2024-05-01T16:25:23 IST" skipped="0">
  <testcase classname="Day005_Multi_value_Cookies.TC01_CookiesExample" name="Test1" time="2.016"/>
  <system-out/>
</testsuite> <!-- Day005_Multi_value_Cookies.TC01_CookiesExample -->
