<?xml version="1.0" encoding="UTF-8"?>
<!-- Generated by org.testng.reporters.JUnitReportReporter -->
<testsuite hostname="DESKTOP-AS6HJCP" failures="0" tests="1" name="RestAssured3.SoapRequest6" time="4.699" errors="0" timestamp="2021-04-21T05:35:50 IST" skipped="0">
  <testcase classname="RestAssured3.SoapRequest6" name="listCountries" time="4.699"/>
  <system-out/>
</testsuite> <!-- RestAssured3.SoapRequest6 -->
