<?xml version="1.0" encoding="UTF-8"?>
<!-- Generated by org.testng.reporters.JUnitReportReporter -->
<testsuite hostname="TR13IT0HI1KA2010" failures="0" tests="1" name="Day016_RootPath.Path_arguements" time="1.217" errors="0" timestamp="2024-03-18T12:03:26 IST" skipped="0">
  <testcase classname="Day016_RootPath.Path_arguements" name="test1" time="1.217"/>
  <system-out/>
</testsuite> <!-- Day016_RootPath.Path_arguements -->
