<?xml version="1.0" encoding="UTF-8"?>
<!-- Generated by org.testng.reporters.JUnitReportReporter -->
<testsuite hostname="TR13IT0HI1KA2010" failures="0" tests="2" name="ABC_015_JsonObjecUsingJavaMapDemo.JsonObjecUsingJavaMapDemo" time="1.828" errors="0" timestamp="2024-03-22T09:00:00 IST" skipped="1">
  <testcase classname="ABC_015_JsonObjecUsingJavaMapDemo.JsonObjecUsingJavaMapDemo" name="createUser" time="1.828"/>
  <system-out/>
  <testcase classname="ABC_015_JsonObjecUsingJavaMapDemo.JsonObjecUsingJavaMapDemo" name="createAuthToken">
    <skipped/>
  </testcase> <!-- createAuthToken -->
  <system-out/>
</testsuite> <!-- ABC_015_JsonObjecUsingJavaMapDemo.JsonObjecUsingJavaMapDemo -->
