<?xml version="1.0" encoding="UTF-8"?>
<!-- Generated by org.testng.reporters.JUnitReportReporter -->
<testsuite skipped="0" hostname="DESKTOP-JDGVO00" name="Day_023_File_Upload_Download.TC03_FileUpload" tests="1" failures="0" timestamp="2021-01-16T10:07:19 IST" time="47.000" errors="0">
  <testcase name="File_upload" time="47.000" classname="Day_023_File_Upload_Download.TC03_FileUpload"/>
  <system-out/>
</testsuite> <!-- Day_023_File_Upload_Download.TC03_FileUpload -->
