<?xml version="1.0" encoding="UTF-8"?>
<!-- Generated by org.testng.reporters.JUnitReportReporter -->
<testsuite skipped="0" hostname="DESKTOP-AS6HJCP" name="Day_003_Locators.TC03_xpath4" tests="1" failures="0" timestamp="2021-03-01T09:58:44 IST" time="14.962" errors="0">
  <testcase name="Test2" time="14.962" classname="Day_003_Locators.TC03_xpath4"/>
  <system-out/>
</testsuite> <!-- Day_003_Locators.TC03_xpath4 -->
