<?xml version="1.0" encoding="UTF-8"?>
<!-- Generated by org.testng.reporters.JUnitReportReporter -->
<testsuite hostname="TR13IT0HI1KA2010" failures="0" tests="1" name="Day025_More_Info.T038_getObjectAsStringWorksWhenPathPointsToAString" time="1.073" errors="0" timestamp="2022-07-31T07:06:29 IST" skipped="0">
  <testcase classname="Day025_More_Info.T038_getObjectAsStringWorksWhenPathPointsToAString" name="JsonPathUsage" time="1.073"/>
  <system-out/>
</testsuite> <!-- Day025_More_Info.T038_getObjectAsStringWorksWhenPathPointsToAString -->
