<?xml version="1.0" encoding="UTF-8"?>
<!-- Generated by org.testng.reporters.JUnitReportReporter -->
<testsuite skipped="0" hostname="DESKTOP-JDGVO00" name="Mama_Day001.TC01_Add_Nationalities_Data_Provider" tests="2" failures="0" timestamp="2020-12-24T14:49:07 IST" time="36.672" errors="0">
  <testcase name="Login" time="17.760" classname="Mama_Day001.TC01_Add_Nationalities_Data_Provider"/>
  <system-out/>
  <testcase name="Login" time="18.912" classname="Mama_Day001.TC01_Add_Nationalities_Data_Provider"/>
  <system-out/>
</testsuite> <!-- Mama_Day001.TC01_Add_Nationalities_Data_Provider -->
