<?xml version="1.0" encoding="UTF-8"?>
<!-- Generated by org.testng.reporters.JUnitReportReporter -->
<testsuite hostname="TR13IT0HI1KA2010" failures="0" tests="1" name="Day005_Getting_Response_Data.QueryParameters1" time="1.388" errors="0" timestamp="2024-03-18T12:11:52 IST" skipped="0">
  <testcase classname="Day005_Getting_Response_Data.QueryParameters1" name="filterUser" time="1.388"/>
  <system-out/>
</testsuite> <!-- Day005_Getting_Response_Data.QueryParameters1 -->
