<?xml version="1.0" encoding="UTF-8"?>
<!-- Generated by org.testng.reporters.JUnitReportReporter -->
<testsuite skipped="0" hostname="DESKTOP-JDGVO00" name="Day_024_Advanced_Xpaths.TC008_Child" tests="1" failures="0" timestamp="2021-01-17T10:41:54 IST" time="24.957" errors="0">
  <testcase name="Test1" time="24.957" classname="Day_024_Advanced_Xpaths.TC008_Child"/>
  <system-out/>
</testsuite> <!-- Day_024_Advanced_Xpaths.TC008_Child -->
