<?xml version="1.0" encoding="UTF-8"?>
<!-- Generated by org.testng.reporters.JUnitReportReporter -->
<testsuite skipped="0" hostname="DESKTOP-JDGVO00" name="ramesh.Page1" tests="1" failures="0" timestamp="2021-01-21T11:11:33 IST" time="24.160" errors="0">
  <testcase name="loginpage" time="24.160" classname="ramesh.Page1"/>
  <system-out/>
</testsuite> <!-- ramesh.Page1 -->
