<?xml version="1.0" encoding="UTF-8"?>
<!-- Generated by org.testng.reporters.JUnitReportReporter -->
<testsuite hostname="DESKTOP-AS6HJCP" failures="0" tests="1" name="Day_022_Action_class.TC02_Double_Click" time="16.104" errors="0" timestamp="2021-06-07T04:21:07 IST" skipped="0">
  <testcase classname="Day_022_Action_class.TC02_Double_Click" name="Login_Test" time="16.104"/>
  <system-out/>
</testsuite> <!-- Day_022_Action_class.TC02_Double_Click -->
