<?xml version="1.0" encoding="UTF-8"?>
<!-- Generated by org.testng.reporters.JUnitReportReporter -->
<testsuite hostname="TR13IT0HI1KA2010" failures="0" tests="1" name="ABC_003_Get_Post_Put_Patch_Delete.Test_003_PutMethod" time="2.010" errors="0" timestamp="2024-04-29T12:49:36 IST" skipped="0">
  <testcase classname="ABC_003_Get_Post_Put_Patch_Delete.Test_003_PutMethod" name="test04" time="2.010"/>
  <system-out/>
</testsuite> <!-- ABC_003_Get_Post_Put_Patch_Delete.Test_003_PutMethod -->
