<?xml version="1.0" encoding="UTF-8"?>
<!-- Generated by org.testng.reporters.JUnitReportReporter -->
<testsuite hostname="TR13IT0HI1KA2010" failures="0" tests="1" name="Serialization.Contentype_based_Serialization1" time="2.036" errors="0" timestamp="2024-04-28T06:48:33 IST" skipped="0">
  <testcase classname="Serialization.Contentype_based_Serialization1" name="test5" time="2.036"/>
  <system-out/>
</testsuite> <!-- Serialization.Contentype_based_Serialization1 -->
