<?xml version="1.0" encoding="UTF-8"?>
<!-- Generated by org.testng.reporters.JUnitReportReporter -->
<testsuite skipped="0" hostname="DESKTOP-JDGVO00" name="DDD.TC01_Add_jobs" tests="1" failures="0" timestamp="2021-01-21T09:40:21 IST" time="26.617" errors="0">
  <testcase name="AddJobs" time="26.617" classname="DDD.TC01_Add_jobs"/>
  <system-out/>
</testsuite> <!-- DDD.TC01_Add_jobs -->
