<?xml version="1.0" encoding="UTF-8"?>
<!-- Generated by org.testng.reporters.JUnitReportReporter -->
<testsuite skipped="0" hostname="DESKTOP-JDGVO00" name="ramesh.adminmodule" tests="1" failures="0" timestamp="2021-01-21T11:23:30 IST" time="23.241" errors="0">
  <testcase name="adminemodule1" time="23.241" classname="ramesh.adminmodule"/>
  <system-out/>
</testsuite> <!-- ramesh.adminmodule -->
