<?xml version="1.0" encoding="UTF-8"?>
<!-- Generated by org.testng.reporters.JUnitReportReporter -->
<testsuite hostname="TR13IT0HI1KA2010" failures="0" tests="1" name="ABC_040_Path_Parameters.ValidateJsonResponseBody" time="3.035" errors="0" timestamp="2024-03-22T15:00:10 IST" skipped="0">
  <testcase classname="ABC_040_Path_Parameters.ValidateJsonResponseBody" name="UserListResponseBody" time="3.035"/>
  <system-out/>
</testsuite> <!-- ABC_040_Path_Parameters.ValidateJsonResponseBody -->
