<?xml version="1.0" encoding="UTF-8"?>
<!-- Generated by org.testng.reporters.JUnitReportReporter -->
<testsuite skipped="0" hostname="DESKTOP-JDGVO00" name="Day_023_File_Upload_Download.TC02_AddPhoto_Existing_Employee" tests="1" failures="0" timestamp="2021-01-16T10:03:33 IST" time="42.752" errors="0">
  <testcase name="AddEmployee_call_allmethods" time="42.752" classname="Day_023_File_Upload_Download.TC02_AddPhoto_Existing_Employee"/>
  <system-out/>
</testsuite> <!-- Day_023_File_Upload_Download.TC02_AddPhoto_Existing_Employee -->
