<?xml version="1.0" encoding="UTF-8"?>
<!-- Generated by org.testng.reporters.JUnitReportReporter -->
<testsuite hostname="TR13IT0HI1KA2010" failures="0" tests="1" name="Day002_Examples.lotto_hasItems2" time="1.237" errors="0" timestamp="2023-10-28T03:36:19 IST" skipped="0">
  <testcase classname="Day002_Examples.lotto_hasItems2" name="VerifyData" time="1.237"/>
  <system-out/>
</testsuite> <!-- Day002_Examples.lotto_hasItems2 -->
