<?xml version="1.0" encoding="UTF-8"?>
<!-- Generated by org.testng.reporters.JUnitReportReporter -->
<testsuite skipped="0" hostname="DESKTOP-JDGVO00" name="Mama_Day001.TC01_Add_Skills2" tests="2" failures="0" timestamp="2020-12-24T15:34:20 IST" time="35.189" errors="0">
  <testcase name="Skills" time="17.884" classname="Mama_Day001.TC01_Add_Skills2"/>
  <system-out/>
  <testcase name="Skills" time="17.305" classname="Mama_Day001.TC01_Add_Skills2"/>
  <system-out/>
</testsuite> <!-- Mama_Day001.TC01_Add_Skills2 -->
