<?xml version="1.0" encoding="UTF-8"?>
<!-- Generated by org.testng.reporters.JUnitReportReporter -->
<testsuite hostname="TR13IT0HI1KA2010" failures="0" tests="1" name="Day025_More_Info.T020_getNumericalValues" time="1.161" errors="0" timestamp="2022-07-31T06:56:48 IST" skipped="0">
  <testcase classname="Day025_More_Info.T020_getNumericalValues" name="JsonPathUsage" time="1.161"/>
  <system-out/>
</testsuite> <!-- Day025_More_Info.T020_getNumericalValues -->
