<?xml version="1.0" encoding="UTF-8"?>
<!-- Generated by org.testng.reporters.JUnitReportReporter -->
<testsuite hostname="TR13IT0HI1KA2010" failures="0" tests="1" name="ReqRes_In.GetRequest" time="1.609" errors="0" timestamp="2022-09-02T06:14:28 IST" skipped="0">
  <testcase classname="ReqRes_In.GetRequest" name="DisplayAllNodesInWeatherAPI" time="1.609"/>
  <system-out/>
</testsuite> <!-- ReqRes_In.GetRequest -->
