<?xml version="1.0" encoding="UTF-8"?>
<!-- Generated by org.testng.reporters.JUnitReportReporter -->
<testsuite skipped="0" hostname="DESKTOP-AS6HJCP" name="Core_Java_New_Programs.Remove_Dupliactes_Words_From_String" tests="1" failures="0" timestamp="2021-03-27T03:19:23 IST" time="0.008" errors="0">
  <testcase name="Login" time="0.008" classname="Core_Java_New_Programs.Remove_Dupliactes_Words_From_String"/>
  <system-out/>
</testsuite> <!-- Core_Java_New_Programs.Remove_Dupliactes_Words_From_String -->
