<?xml version="1.0" encoding="UTF-8"?>
<!-- Generated by org.testng.reporters.JUnitReportReporter -->
<testsuite skipped="0" hostname="DESKTOP-JDGVO00" name="Day_002_Java.TC02_Login_NonStatic_Example" tests="1" failures="0" timestamp="2021-01-19T11:21:37 IST" time="19.128" errors="0">
  <testcase name="Login_Test" time="19.128" classname="Day_002_Java.TC02_Login_NonStatic_Example"/>
  <system-out/>
</testsuite> <!-- Day_002_Java.TC02_Login_NonStatic_Example -->
