<?xml version="1.0" encoding="UTF-8"?>
<!-- Generated by org.testng.reporters.JUnitReportReporter -->
<testsuite hostname="TR13IT0HI1KA2010" failures="0" tests="1" name="Day025_More_Info.T007_getRootObjectAsMap" time="1.351" errors="0" timestamp="2022-08-04T20:24:21 IST" skipped="0">
  <testcase classname="Day025_More_Info.T007_getRootObjectAsMap" name="findAll_AuthorAs" time="1.351"/>
  <system-out/>
</testsuite> <!-- Day025_More_Info.T007_getRootObjectAsMap -->
