<?xml version="1.0" encoding="UTF-8"?>
<!-- Generated by org.testng.reporters.JUnitReportReporter -->
<testsuite skipped="0" hostname="DESKTOP-JDGVO00" name="Day_017_Multiple_Suites.Bhavasri" tests="1" failures="0" timestamp="2021-01-15T11:40:11 IST" time="12.227" errors="0">
  <testcase name="Login_Test" time="12.227" classname="Day_017_Multiple_Suites.Bhavasri"/>
  <system-out/>
</testsuite> <!-- Day_017_Multiple_Suites.Bhavasri -->
