<?xml version="1.0" encoding="UTF-8"?>
<!-- Generated by org.testng.reporters.JUnitReportReporter -->
<testsuite hostname="TR13IT0HI1KA2010" failures="0" tests="2" name="ABC_016_JSONArrayDemo.JSONArrayDemo" time="1.726" errors="0" timestamp="2024-03-22T05:51:19 IST" skipped="1">
  <testcase classname="ABC_016_JSONArrayDemo.JSONArrayDemo" name="createUserUsingJSONArray" time="1.726"/>
  <system-out/>
  <testcase classname="ABC_016_JSONArrayDemo.JSONArrayDemo" name="CreateJSonArrayUsingList">
    <skipped/>
  </testcase> <!-- CreateJSonArrayUsingList -->
  <system-out/>
</testsuite> <!-- ABC_016_JSONArrayDemo.JSONArrayDemo -->
