<?xml version="1.0" encoding="UTF-8"?>
<!-- Generated by org.testng.reporters.JUnitReportReporter -->
<testsuite hostname="TR13IT0HI1KA2010" failures="0" tests="1" name="Day007_Verifying_Response_Data.RetrievingResponseHeaders" time="3.142" errors="0" timestamp="2024-03-19T00:49:31 IST" skipped="0">
  <testcase classname="Day007_Verifying_Response_Data.RetrievingResponseHeaders" name="getALlHeadersFromResponse" time="3.142"/>
  <system-out/>
</testsuite> <!-- Day007_Verifying_Response_Data.RetrievingResponseHeaders -->
