<?xml version="1.0" encoding="UTF-8"?>
<!-- Generated by org.testng.reporters.JUnitReportReporter -->
<testsuite hostname="TR13IT0HI1KA2010" failures="0" tests="2" name="ABC_041_RequestSpec_for_MultipleTests.RequestSpecDemo" time="0.917" errors="0" timestamp="2024-03-25T10:50:09 IST" skipped="0">
  <testcase classname="ABC_041_RequestSpec_for_MultipleTests.RequestSpecDemo" name="test_with_parameters" time="0.804"/>
  <system-out/>
  <testcase classname="ABC_041_RequestSpec_for_MultipleTests.RequestSpecDemo" name="test_without_parameters" time="0.113"/>
  <system-out/>
</testsuite> <!-- ABC_041_RequestSpec_for_MultipleTests.RequestSpecDemo -->
