<?xml version="1.0" encoding="UTF-8"?>
<!-- Generated by org.testng.reporters.JUnitReportReporter -->
<testsuite hostname="TR13IT0HI1KA2010" failures="0" tests="1" name="Day006_Specifying_Request_Data.TC007_Other_Parts_of_Reponse3_endsWithPath_StartsWith" time="1.317" errors="0" timestamp="2024-05-01T12:24:58 IST" skipped="0">
  <testcase classname="Day006_Specifying_Request_Data.TC007_Other_Parts_of_Reponse3_endsWithPath_StartsWith" name="validateHref" time="1.317"/>
  <system-out/>
</testsuite> <!-- Day006_Specifying_Request_Data.TC007_Other_Parts_of_Reponse3_endsWithPath_StartsWith -->
