<?xml version="1.0" encoding="UTF-8"?>
<!-- Generated by org.testng.reporters.JUnitReportReporter -->
<testsuite skipped="0" hostname="DESKTOP-JDGVO00" name="FFF.job" tests="1" failures="0" timestamp="2021-01-21T10:21:30 IST" time="24.122" errors="0">
  <testcase name="Addjobs" time="24.122" classname="FFF.job"/>
  <system-out/>
</testsuite> <!-- FFF.job -->
