<?xml version="1.0" encoding="UTF-8"?>
<!-- Generated by org.testng.reporters.JUnitReportReporter -->
<testsuite hostname="TR13IT0HI1KA2010" failures="0" tests="1" name="RestAssured3.JSONPATH" time="2.600" errors="0" timestamp="2022-07-31T07:26:33 IST" skipped="0">
  <testcase classname="RestAssured3.JSONPATH" name="DisplayAllNodesInWeatherAPI" time="2.600"/>
  <system-out/>
</testsuite> <!-- RestAssured3.JSONPATH -->
