<?xml version="1.0" encoding="UTF-8"?>
<!-- Generated by org.testng.reporters.JUnitReportReporter -->
<testsuite hostname="TR13IT0HI1KA2010" failures="0" tests="1" name="ABC_010_Authorization.AuthorizationDemo" time="2.003" errors="0" timestamp="2024-03-22T09:30:40 IST" skipped="0">
  <testcase classname="ABC_010_Authorization.AuthorizationDemo" name="GetWeatherDataByCity" time="2.003"/>
  <system-out/>
</testsuite> <!-- ABC_010_Authorization.AuthorizationDemo -->
