<?xml version="1.0" encoding="UTF-8"?>
<!-- Generated by org.testng.reporters.JUnitReportReporter -->
<testsuite skipped="0" hostname="DESKTOP-JDGVO00" name="DAY005.TC01_Add_Nationality" tests="1" failures="0" timestamp="2021-01-21T08:38:24 IST" time="18.926" errors="0">
  <testcase name="AddNationality" time="18.926" classname="DAY005.TC01_Add_Nationality"/>
  <system-out/>
</testsuite> <!-- DAY005.TC01_Add_Nationality -->
