<?xml version="1.0" encoding="UTF-8"?>
<!-- Generated by org.testng.reporters.JUnitReportReporter -->
<testsuite hostname="TR13IT0HI1KA2010" failures="0" tests="1" name="Serialization.Using_an_Explicit_Serializer" time="1.835" errors="0" timestamp="2024-03-25T12:58:54 IST" skipped="0">
  <testcase classname="Serialization.Using_an_Explicit_Serializer" name="test5" time="1.835"/>
  <system-out/>
</testsuite> <!-- Serialization.Using_an_Explicit_Serializer -->
