<?xml version="1.0" encoding="UTF-8"?>
<!-- Generated by org.testng.reporters.JUnitReportReporter -->
<testsuite hostname="DESKTOP-AS6HJCP" failures="0" tests="1" name="Day_001_Demo.TC01_Login8" time="18.650" errors="0" timestamp="2021-05-14T07:09:18 IST" skipped="0">
  <testcase classname="Day_001_Demo.TC01_Login8" name="login_test" time="18.650"/>
  <system-out/>
</testsuite> <!-- Day_001_Demo.TC01_Login8 -->
