<?xml version="1.0" encoding="UTF-8"?>
<!-- Generated by org.testng.reporters.JUnitReportReporter -->
<testsuite hostname="TR13IT0HI1KA2010" failures="0" tests="1" name="RestAssured1.Lotto" time="1.295" errors="0" timestamp="2022-08-02T15:12:46 IST" skipped="0">
  <testcase classname="RestAssured1.Lotto" name="WeatherMessageBody" time="1.295"/>
  <system-out/>
</testsuite> <!-- RestAssured1.Lotto -->
