<?xml version="1.0" encoding="UTF-8"?>
<!-- Generated by org.testng.reporters.JUnitReportReporter -->
<testsuite hostname="TR13IT0HI1KA2010" failures="0" tests="1" name="ABC_036_Lotto_Examples.ListObject_ListString1" time="1.417" errors="0" timestamp="2022-09-03T05:51:12 IST" skipped="0">
  <testcase classname="ABC_036_Lotto_Examples.ListObject_ListString1" name="WeatherMessageBody" time="1.417"/>
  <system-out/>
</testsuite> <!-- ABC_036_Lotto_Examples.ListObject_ListString1 -->
