<?xml version="1.0" encoding="UTF-8"?>
<!-- Generated by org.testng.reporters.JUnitReportReporter -->
<testsuite hostname="TR13IT0HI1KA2010" failures="0" tests="1" name="Day027_String_Map.T001_String_Map2" time="3.257" errors="0" timestamp="2022-08-05T08:43:04 IST" skipped="0">
  <testcase classname="Day027_String_Map.T001_String_Map2" name="findAll_AuthorAs" time="3.257"/>
  <system-out/>
</testsuite> <!-- Day027_String_Map.T001_String_Map2 -->
