<?xml version="1.0" encoding="UTF-8"?>
<!-- Generated by org.testng.reporters.JUnitReportReporter -->
<testsuite skipped="0" hostname="DESKTOP-AS6HJCP" name="Day_003_Locators.TC01_id" tests="1" failures="0" timestamp="2021-02-14T07:33:31 IST" time="11.533" errors="0">
  <testcase name="Test2" time="11.533" classname="Day_003_Locators.TC01_id"/>
  <system-out/>
</testsuite> <!-- Day_003_Locators.TC01_id -->
