<?xml version="1.0" encoding="UTF-8"?>
<!-- Generated by org.testng.reporters.JUnitReportReporter -->
<testsuite skipped="0" hostname="DESKTOP-JDGVO00" name="AADITYA.TC01_Login_Static_Parameters2" tests="3" failures="0" timestamp="2021-01-17T12:50:39 IST" time="56.231" errors="0">
  <testcase name="loginTest" time="19.084" classname="AADITYA.TC01_Login_Static_Parameters2"/>
  <system-out/>
  <testcase name="loginTest" time="18.304" classname="AADITYA.TC01_Login_Static_Parameters2"/>
  <system-out/>
  <testcase name="loginTest" time="18.843" classname="AADITYA.TC01_Login_Static_Parameters2"/>
  <system-out/>
</testsuite> <!-- AADITYA.TC01_Login_Static_Parameters2 -->
