<?xml version="1.0" encoding="UTF-8"?>
<!-- Generated by org.testng.reporters.JUnitReportReporter -->
<testsuite hostname="TR13IT0HI1KA2010" failures="0" tests="1" name="ABC_002.Test_001_GetMethod3" time="1.303" errors="0" timestamp="2024-07-22T12:15:45 IST" skipped="0">
  <testcase classname="ABC_002.Test_001_GetMethod3" name="test02" time="1.303"/>
  <system-out/>
</testsuite> <!-- ABC_002.Test_001_GetMethod3 -->
