<?xml version="1.0" encoding="UTF-8"?>
<!-- Generated by org.testng.reporters.JUnitReportReporter -->
<testsuite hostname="TR13IT0HI1KA2010" failures="0" tests="1" name="ABC_043_Headers_Cookies.RetrievingResponseHeaders" time="2.992" errors="0" timestamp="2024-03-22T10:33:46 IST" skipped="0">
  <testcase classname="ABC_043_Headers_Cookies.RetrievingResponseHeaders" name="getALlHeadersFromResponse" time="2.992"/>
  <system-out/>
</testsuite> <!-- ABC_043_Headers_Cookies.RetrievingResponseHeaders -->
