<?xml version="1.0" encoding="UTF-8"?>
<!-- Generated by org.testng.reporters.JUnitReportReporter -->
<testsuite skipped="0" hostname="DESKTOP-JDGVO00" name="AADITYA.day5" tests="2" failures="0" timestamp="2021-01-18T11:37:37 IST" time="40.248" errors="0">
  <testcase name="login" time="19.833" classname="AADITYA.day5"/>
  <system-out/>
  <testcase name="login" time="20.415" classname="AADITYA.day5"/>
  <system-out/>
</testsuite> <!-- AADITYA.day5 -->
