<?xml version="1.0" encoding="UTF-8"?>
<!-- Generated by org.testng.reporters.JUnitReportReporter -->
<testsuite hostname="DESKTOP-AS6HJCP" failures="0" tests="1" name="RestAssured2.City3" time="4.693" errors="0" timestamp="2021-04-21T05:34:54 IST" skipped="0">
  <testcase classname="RestAssured2.City3" name="WeatherMessageBody" time="4.693"/>
  <system-out/>
</testsuite> <!-- RestAssured2.City3 -->
