<?xml version="1.0" encoding="UTF-8"?>
<!-- Generated by org.testng.reporters.JUnitReportReporter -->
<testsuite skipped="0" hostname="DESKTOP-AS6HJCP" name="AADITYA.ReverseString" tests="1" failures="0" timestamp="2021-02-17T01:27:24 IST" time="0.009" errors="0">
  <testcase name="ReverseString1" time="0.009" classname="AADITYA.ReverseString"/>
  <system-out/>
</testsuite> <!-- AADITYA.ReverseString -->
