<?xml version="1.0" encoding="UTF-8"?>
<!-- Generated by org.testng.reporters.JUnitReportReporter -->
<testsuite hostname="TR13IT0HI1KA2010" failures="0" tests="1" name="Day028_Serialization.RestAssured_DeSerializationExample" time="1.276" errors="0" timestamp="2024-03-21T10:07:45 IST" skipped="0">
  <testcase classname="Day028_Serialization.RestAssured_DeSerializationExample" name="Test1" time="1.276"/>
  <system-out/>
</testsuite> <!-- Day028_Serialization.RestAssured_DeSerializationExample -->
