<?xml version="1.0" encoding="UTF-8"?>
<!-- Generated by org.testng.reporters.JUnitReportReporter -->
<testsuite hostname="TR13IT0HI1KA2010" failures="0" tests="1" name="RestAssured4.JSON_Array1" time="1.149" errors="0" timestamp="2022-07-26T23:10:16 IST" skipped="0">
  <testcase classname="RestAssured4.JSON_Array1" name="JsonPathUsage" time="1.149"/>
  <system-out/>
</testsuite> <!-- RestAssured4.JSON_Array1 -->
