<?xml version="1.0" encoding="UTF-8"?>
<!-- Generated by org.testng.reporters.JUnitReportReporter -->
<testsuite hostname="TR13IT0HI1KA2010" failures="0" tests="1" name="Day025_More_Info.T037_getObjectAsFloatWorksWhenPathPointsToAFloat" time="1.178" errors="0" timestamp="2022-07-31T07:04:56 IST" skipped="0">
  <testcase classname="Day025_More_Info.T037_getObjectAsFloatWorksWhenPathPointsToAFloat" name="JsonPathUsage" time="1.178"/>
  <system-out/>
</testsuite> <!-- Day025_More_Info.T037_getObjectAsFloatWorksWhenPathPointsToAFloat -->
