<?xml version="1.0" encoding="UTF-8"?>
<!-- Generated by org.testng.reporters.JUnitReportReporter -->
<testsuite hostname="TR13IT0HI1KA2010" failures="0" tests="1" name="ABC_039_List_MapContains_String_Object.List_MapContains_String_Object5_Batters" time="1.231" errors="0" timestamp="2023-12-03T03:56:35 IST" skipped="0">
  <testcase classname="ABC_039_List_MapContains_String_Object.List_MapContains_String_Object5_Batters" name="WeatherMessageBody" time="1.231"/>
  <system-out/>
</testsuite> <!-- ABC_039_List_MapContains_String_Object.List_MapContains_String_Object5_Batters -->
