<?xml version="1.0" encoding="UTF-8"?>
<!-- Generated by org.testng.reporters.JUnitReportReporter -->
<testsuite skipped="0" hostname="DESKTOP-AS6HJCP" name="Core_Java_New_Programs.Test1_Naukri" tests="1" failures="0" timestamp="2021-02-19T08:19:01 IST" time="319.776" errors="0">
  <testcase name="test1Naukri" time="319.776" classname="Core_Java_New_Programs.Test1_Naukri"/>
  <system-out/>
</testsuite> <!-- Core_Java_New_Programs.Test1_Naukri -->
